[debug] [2023-02-26T15:55:59.741Z] ----------------------------------------------------------------------
[debug] [2023-02-26T15:55:59.744Z] Command:       C:\Program Files\nodejs\node.exe C:\Users\HORIZON\AppData\Roaming\npm\node_modules\firebase-tools\lib\bin\firebase.js deploy --only functions
[debug] [2023-02-26T15:55:59.745Z] CLI Version:   11.10.0
[debug] [2023-02-26T15:55:59.745Z] Platform:      win32
[debug] [2023-02-26T15:55:59.745Z] Node Version:  v18.13.0
[debug] [2023-02-26T15:55:59.747Z] Time:          Sun Feb 26 2023 19:55:59 GMT+0400 (Gulf Standard Time)
[debug] [2023-02-26T15:55:59.748Z] ----------------------------------------------------------------------
[debug] 
[debug] [2023-02-26T15:55:59.843Z] Object ".firestore" in "firebase.json" has unknown property: {"additionalProperty":"ignore"}
[debug] [2023-02-26T15:55:59.854Z] > command requires scopes: ["email","openid","https://www.googleapis.com/auth/cloudplatformprojects.readonly","https://www.googleapis.com/auth/firebase","https://www.googleapis.com/auth/cloud-platform"]
[debug] [2023-02-26T15:55:59.855Z] > authorizing via signed-in user (facegoogl@gmail.com)
[debug] [2023-02-26T15:55:59.855Z] [iam] checking project mandubk-370d7 for permissions ["cloudfunctions.functions.create","cloudfunctions.functions.delete","cloudfunctions.functions.get","cloudfunctions.functions.list","cloudfunctions.functions.update","cloudfunctions.operations.get","firebase.projects.get"]
[debug] [2023-02-26T15:55:59.859Z] >>> [apiv2][query] POST https://cloudresourcemanager.googleapis.com/v1/projects/mandubk-370d7:testIamPermissions [none]
[debug] [2023-02-26T15:55:59.859Z] >>> [apiv2][(partial)header] POST https://cloudresourcemanager.googleapis.com/v1/projects/mandubk-370d7:testIamPermissions x-goog-quota-user=projects/mandubk-370d7
[debug] [2023-02-26T15:55:59.859Z] >>> [apiv2][body] POST https://cloudresourcemanager.googleapis.com/v1/projects/mandubk-370d7:testIamPermissions {"permissions":["cloudfunctions.functions.create","cloudfunctions.functions.delete","cloudfunctions.functions.get","cloudfunctions.functions.list","cloudfunctions.functions.update","cloudfunctions.operations.get","firebase.projects.get"]}
[debug] [2023-02-26T15:56:01.324Z] <<< [apiv2][status] POST https://cloudresourcemanager.googleapis.com/v1/projects/mandubk-370d7:testIamPermissions 200
[debug] [2023-02-26T15:56:01.325Z] <<< [apiv2][body] POST https://cloudresourcemanager.googleapis.com/v1/projects/mandubk-370d7:testIamPermissions {"permissions":["cloudfunctions.functions.create","cloudfunctions.functions.delete","cloudfunctions.functions.get","cloudfunctions.functions.list","cloudfunctions.functions.update","cloudfunctions.operations.get","firebase.projects.get"]}
[debug] [2023-02-26T15:56:01.326Z] >>> [apiv2][query] POST https://iam.googleapis.com/v1/projects/mandubk-370d7/serviceAccounts/mandubk-370d7@appspot.gserviceaccount.com:testIamPermissions [none]
[debug] [2023-02-26T15:56:01.326Z] >>> [apiv2][body] POST https://iam.googleapis.com/v1/projects/mandubk-370d7/serviceAccounts/mandubk-370d7@appspot.gserviceaccount.com:testIamPermissions {"permissions":["iam.serviceAccounts.actAs"]}
[debug] [2023-02-26T15:56:02.810Z] <<< [apiv2][status] POST https://iam.googleapis.com/v1/projects/mandubk-370d7/serviceAccounts/mandubk-370d7@appspot.gserviceaccount.com:testIamPermissions 200
[debug] [2023-02-26T15:56:02.810Z] <<< [apiv2][body] POST https://iam.googleapis.com/v1/projects/mandubk-370d7/serviceAccounts/mandubk-370d7@appspot.gserviceaccount.com:testIamPermissions {"permissions":["iam.serviceAccounts.actAs"]}
[info] 
[info] === Deploying to 'mandubk-370d7'...
[info] 
[info] i  deploying functions 
[info] Running command: npm --prefix "$RESOURCE_DIR" run lint
[info] +  functions: Finished running predeploy script. 
[debug] [2023-02-26T15:56:13.844Z] >>> [apiv2][query] GET https://firebase.googleapis.com/v1beta1/projects/mandubk-370d7 [none]
[debug] [2023-02-26T15:56:14.831Z] <<< [apiv2][status] GET https://firebase.googleapis.com/v1beta1/projects/mandubk-370d7 200
[debug] [2023-02-26T15:56:14.831Z] <<< [apiv2][body] GET https://firebase.googleapis.com/v1beta1/projects/mandubk-370d7 {"projectId":"mandubk-370d7","projectNumber":"261518911024","displayName":"mandubk","name":"projects/mandubk-370d7","resources":{"hostingSite":"mandubk-370d7","realtimeDatabaseInstance":"mandubk-370d7-default-rtdb","storageBucket":"mandubk-370d7.appspot.com","locationId":"australia-southeast1"},"state":"ACTIVE","etag":"1_43a3807f-ca88-4f65-b6c2-addb16447a67"}
[info] i  functions: ensuring required API cloudfunctions.googleapis.com is enabled... 
[info] i  functions: ensuring required API cloudbuild.googleapis.com is enabled... 
[info] i  artifactregistry: ensuring required API artifactregistry.googleapis.com is enabled... 
[debug] [2023-02-26T15:56:14.844Z] >>> [apiv2][query] GET https://serviceusage.googleapis.com/v1/projects/mandubk-370d7/services/cloudfunctions.googleapis.com [none]
[debug] [2023-02-26T15:56:14.845Z] >>> [apiv2][(partial)header] GET https://serviceusage.googleapis.com/v1/projects/mandubk-370d7/services/cloudfunctions.googleapis.com x-goog-quota-user=projects/mandubk-370d7
[debug] [2023-02-26T15:56:14.853Z] >>> [apiv2][query] GET https://serviceusage.googleapis.com/v1/projects/mandubk-370d7/services/runtimeconfig.googleapis.com [none]
[debug] [2023-02-26T15:56:14.853Z] >>> [apiv2][(partial)header] GET https://serviceusage.googleapis.com/v1/projects/mandubk-370d7/services/runtimeconfig.googleapis.com x-goog-quota-user=projects/mandubk-370d7
[debug] [2023-02-26T15:56:14.857Z] >>> [apiv2][query] GET https://serviceusage.googleapis.com/v1/projects/mandubk-370d7/services/cloudbuild.googleapis.com [none]
[debug] [2023-02-26T15:56:14.857Z] >>> [apiv2][(partial)header] GET https://serviceusage.googleapis.com/v1/projects/mandubk-370d7/services/cloudbuild.googleapis.com x-goog-quota-user=projects/mandubk-370d7
[debug] [2023-02-26T15:56:14.861Z] >>> [apiv2][query] GET https://serviceusage.googleapis.com/v1/projects/mandubk-370d7/services/artifactregistry.googleapis.com [none]
[debug] [2023-02-26T15:56:14.861Z] >>> [apiv2][(partial)header] GET https://serviceusage.googleapis.com/v1/projects/mandubk-370d7/services/artifactregistry.googleapis.com x-goog-quota-user=projects/mandubk-370d7
[debug] [2023-02-26T15:56:16.579Z] <<< [apiv2][status] GET https://serviceusage.googleapis.com/v1/projects/mandubk-370d7/services/cloudfunctions.googleapis.com 200
[debug] [2023-02-26T15:56:16.579Z] <<< [apiv2][body] GET https://serviceusage.googleapis.com/v1/projects/mandubk-370d7/services/cloudfunctions.googleapis.com [omitted]
[info] +  functions: required API cloudfunctions.googleapis.com is enabled 
[debug] [2023-02-26T15:56:16.613Z] <<< [apiv2][status] GET https://serviceusage.googleapis.com/v1/projects/mandubk-370d7/services/runtimeconfig.googleapis.com 200
[debug] [2023-02-26T15:56:16.613Z] <<< [apiv2][body] GET https://serviceusage.googleapis.com/v1/projects/mandubk-370d7/services/runtimeconfig.googleapis.com [omitted]
[debug] [2023-02-26T15:56:16.619Z] <<< [apiv2][status] GET https://serviceusage.googleapis.com/v1/projects/mandubk-370d7/services/cloudbuild.googleapis.com 200
[debug] [2023-02-26T15:56:16.619Z] <<< [apiv2][body] GET https://serviceusage.googleapis.com/v1/projects/mandubk-370d7/services/cloudbuild.googleapis.com [omitted]
[info] +  functions: required API cloudbuild.googleapis.com is enabled 
[debug] [2023-02-26T15:56:16.628Z] <<< [apiv2][status] GET https://serviceusage.googleapis.com/v1/projects/mandubk-370d7/services/artifactregistry.googleapis.com 200
[debug] [2023-02-26T15:56:16.628Z] <<< [apiv2][body] GET https://serviceusage.googleapis.com/v1/projects/mandubk-370d7/services/artifactregistry.googleapis.com [omitted]
[info] +  artifactregistry: required API artifactregistry.googleapis.com is enabled 
[debug] [2023-02-26T15:56:16.629Z] >>> [apiv2][query] GET https://firebase.googleapis.com/v1beta1/projects/mandubk-370d7/adminSdkConfig [none]
[debug] [2023-02-26T15:56:17.519Z] <<< [apiv2][status] GET https://firebase.googleapis.com/v1beta1/projects/mandubk-370d7/adminSdkConfig 200
[debug] [2023-02-26T15:56:17.521Z] <<< [apiv2][body] GET https://firebase.googleapis.com/v1beta1/projects/mandubk-370d7/adminSdkConfig {"projectId":"mandubk-370d7","databaseURL":"https://mandubk-370d7-default-rtdb.asia-southeast1.firebasedatabase.app","storageBucket":"mandubk-370d7.appspot.com","locationId":"australia-southeast1"}
[debug] [2023-02-26T15:56:17.527Z] >>> [apiv2][query] GET https://runtimeconfig.googleapis.com/v1beta1/projects/mandubk-370d7/configs [none]
[debug] [2023-02-26T15:56:18.481Z] <<< [apiv2][status] GET https://runtimeconfig.googleapis.com/v1beta1/projects/mandubk-370d7/configs 200
[debug] [2023-02-26T15:56:18.481Z] <<< [apiv2][body] GET https://runtimeconfig.googleapis.com/v1beta1/projects/mandubk-370d7/configs {}
[info] i  functions: preparing codebase default for deployment 
[debug] [2023-02-26T15:56:18.493Z] Validating nodejs source
[warn] !  functions: package.json indicates an outdated version of firebase-functions. Please upgrade using npm install --save firebase-functions@latest in your functions directory. 
[warn] !  functions: Please note that there will be breaking changes when you upgrade. 
[debug] [2023-02-26T15:56:23.045Z] > [functions] package.json contents: {
  "name": "functions",
  "scripts": {
    "lint": "eslint --fix . ",
    "build": "tsc",
    "build:watch": "tsc --watch",
    "serve": "npm run build && firebase emulators:start --only functions",
    "shell": "npm run build && firebase functions:shell",
    "start": "npm run shell",
    "deploy": "firebase deploy --only functions",
    "logs": "firebase functions:log"
  },
  "engines": {
    "node": "16"
  },
  "main": "src/index.js",
  "dependencies": {
    "firebase-admin": "^10.0.2",
    "firebase-functions": "^3.18.0"
  },
  "devDependencies": {
    "@typescript-eslint/eslint-plugin": "^5.12.0",
    "@typescript-eslint/parser": "^5.12.0",
    "eslint": "^8.9.0",
    "eslint-config-google": "^0.14.0",
    "eslint-plugin-import": "^2.25.4",
    "eslint-plugin-promise": "^6.1.1",
    "firebase-functions-test": "^0.2.0",
    "typescript": "^4.5.4"
  },
  "private": true
}
[debug] [2023-02-26T15:56:23.045Z] Building nodejs source
[debug] [2023-02-26T15:56:23.047Z] Could not find functions.yaml. Must use http discovery
[debug] [2023-02-26T15:56:23.765Z] Serving at port 9005

[debug] [2023-02-26T15:56:23.947Z] Got response from /__/functions.yaml {"endpoints":{"helloWorld":{"platform":"gcfv1","httpsTrigger":{},"entryPoint":"helloWorld"}},"specVersion":"v1alpha1","requiredAPIs":[]}
[debug] [2023-02-26T15:56:23.968Z] shutdown requested via /__/quitquitquit

[info] i  functions: preparing functions directory for uploading... 
[info] i  functions: packaged F:\ionic react projects\ShoflyTawseel\functions (99.96 KB) for uploading 
[debug] [2023-02-26T15:56:24.084Z] >>> [apiv2][query] GET https://cloudfunctions.googleapis.com/v1/projects/mandubk-370d7/locations/-/functions [none]
[debug] [2023-02-26T15:56:25.206Z] <<< [apiv2][status] GET https://cloudfunctions.googleapis.com/v1/projects/mandubk-370d7/locations/-/functions 200
[debug] [2023-02-26T15:56:25.206Z] <<< [apiv2][body] GET https://cloudfunctions.googleapis.com/v1/projects/mandubk-370d7/locations/-/functions {"functions":[{"name":"projects/mandubk-370d7/locations/us-central1/functions/helloWorld","httpsTrigger":{"url":"https://us-central1-mandubk-370d7.cloudfunctions.net/helloWorld","securityLevel":"SECURE_ALWAYS"},"status":"ACTIVE","entryPoint":"helloWorld","timeout":"60s","availableMemoryMb":256,"serviceAccountEmail":"mandubk-370d7@appspot.gserviceaccount.com","updateTime":"2022-09-03T18:58:49.777Z","versionId":"12","labels":{"deployment-tool":"cli-firebase"},"sourceUploadUrl":"https://storage.googleapis.com/uploads-437038307952.us-central1.cloudfunctions.appspot.com/ae0131df-1f6e-4f4f-8246-c4ec43138808.zip","environmentVariables":{"FIREBASE_CONFIG":"{\"projectId\":\"mandubk-370d7\",\"databaseURL\":\"https://mandubk-370d7-default-rtdb.asia-southeast1.firebasedatabase.app\",\"storageBucket\":\"mandubk-370d7.appspot.com\",\"locationId\":\"australia-southeast1\"}","GCLOUD_PROJECT":"mandubk-370d7"},"runtime":"nodejs16","ingressSettings":"ALLOW_ALL","buildId":"c3494e65-d212-4431-92d3-9b45a9abed11","buildName":"projects/261518911024/locations/us-central1/builds/c3494e65-d212-4431-92d3-9b45a9abed11","dockerRegistry":"ARTIFACT_REGISTRY"},{"name":"projects/mandubk-370d7/locations/us-central1/functions/onDeleteUser","eventTrigger":{"eventType":"providers/firebase.auth/eventTypes/user.delete","resource":"projects/mandubk-370d7","service":"firebaseauth.googleapis.com","failurePolicy":{}},"status":"ACTIVE","entryPoint":"onDeleteUser","timeout":"60s","availableMemoryMb":256,"serviceAccountEmail":"mandubk-370d7@appspot.gserviceaccount.com","updateTime":"2022-09-03T19:16:56.055Z","versionId":"4","labels":{"deployment-tool":"cli-firebase"},"sourceUploadUrl":"https://storage.googleapis.com/uploads-437038307952.us-central1.cloudfunctions.appspot.com/21163362-013f-4ae4-af06-c69e2e862402.zip","environmentVariables":{"FIREBASE_CONFIG":"{\"projectId\":\"mandubk-370d7\",\"databaseURL\":\"https://mandubk-370d7-default-rtdb.asia-southeast1.firebasedatabase.app\",\"storageBucket\":\"mandubk-370d7.appspot.com\",\"locationId\":\"australia-southeast1\"}","GCLOUD_PROJECT":"mandubk-370d7"},"runtime":"nodejs16","maxInstances":3000,"ingressSettings":"ALLOW_ALL","buildId":"9e3661cd-a9c0-4e03-96a4-b2634feada5a","buildName":"projects/261518911024/locations/us-central1/builds/9e3661cd-a9c0-4e03-96a4-b2634feada5a","dockerRegistry":"ARTIFACT_REGISTRY"},{"name":"projects/mandubk-370d7/locations/us-central1/functions/onNewUser","eventTrigger":{"eventType":"providers/firebase.auth/eventTypes/user.create","resource":"projects/mandubk-370d7","service":"firebaseauth.googleapis.com","failurePolicy":{}},"status":"ACTIVE","entryPoint":"onNewUser","timeout":"60s","availableMemoryMb":256,"serviceAccountEmail":"mandubk-370d7@appspot.gserviceaccount.com","updateTime":"2022-09-27T16:53:03.534Z","versionId":"12","labels":{"deployment-tool":"cli-firebase"},"sourceUploadUrl":"https://storage.googleapis.com/uploads-437038307952.us-central1.cloudfunctions.appspot.com/d464ab14-11e0-44d4-8d64-edf2c2f72fe0.zip","environmentVariables":{"FIREBASE_CONFIG":"{\"projectId\":\"mandubk-370d7\",\"databaseURL\":\"https://mandubk-370d7-default-rtdb.asia-southeast1.firebasedatabase.app\",\"storageBucket\":\"mandubk-370d7.appspot.com\",\"locationId\":\"australia-southeast1\"}","GCLOUD_PROJECT":"mandubk-370d7"},"runtime":"nodejs16","maxInstances":3000,"ingressSettings":"ALLOW_ALL","buildId":"f108d9a9-fc82-47a0-a1bc-c63e1d1b75ea","buildName":"projects/261518911024/locations/us-central1/builds/f108d9a9-fc82-47a0-a1bc-c63e1d1b75ea","dockerRegistry":"ARTIFACT_REGISTRY"},{"name":"projects/mandubk-370d7/locations/us-central1/functions/onOrderCreated","eventTrigger":{"eventType":"providers/cloud.firestore/eventTypes/document.create","resource":"projects/mandubk-370d7/databases/(default)/documents/orders/{docId}","service":"firestore.googleapis.com","failurePolicy":{}},"status":"ACTIVE","entryPoint":"onOrderCreated","timeout":"60s","availableMemoryMb":256,"serviceAccountEmail":"mandubk-370d7@appspot.gserviceaccount.com","updateTime":"2022-09-03T18:59:04.189Z","versionId":"6","labels":{"deployment-tool":"cli-firebase"},"sourceUploadUrl":"https://storage.googleapis.com/uploads-437038307952.us-central1.cloudfunctions.appspot.com/ae0131df-1f6e-4f4f-8246-c4ec43138808.zip","environmentVariables":{"FIREBASE_CONFIG":"{\"projectId\":\"mandubk-370d7\",\"databaseURL\":\"https://mandubk-370d7-default-rtdb.asia-southeast1.firebasedatabase.app\",\"storageBucket\":\"mandubk-370d7.appspot.com\",\"locationId\":\"australia-southeast1\"}","GCLOUD_PROJECT":"mandubk-370d7"},"runtime":"nodejs16","maxInstances":3000,"ingressSettings":"ALLOW_ALL","buildId":"c3494e65-d212-4431-92d3-9b45a9abed11","buildName":"projects/261518911024/locations/us-central1/builds/c3494e65-d212-4431-92d3-9b45a9abed11","dockerRegistry":"ARTIFACT_REGISTRY"},{"name":"projects/mandubk-370d7/locations/us-central1/functions/onOrderReported","eventTrigger":{"eventType":"providers/cloud.firestore/eventTypes/document.create","resource":"projects/mandubk-370d7/databases/(default)/documents/ordersReports/{docId}","service":"firestore.googleapis.com","failurePolicy":{}},"status":"ACTIVE","entryPoint":"onOrderReported","timeout":"60s","availableMemoryMb":256,"serviceAccountEmail":"mandubk-370d7@appspot.gserviceaccount.com","updateTime":"2022-09-03T18:59:04.262Z","versionId":"10","labels":{"deployment-tool":"cli-firebase"},"sourceUploadUrl":"https://storage.googleapis.com/uploads-437038307952.us-central1.cloudfunctions.appspot.com/ae0131df-1f6e-4f4f-8246-c4ec43138808.zip","environmentVariables":{"FIREBASE_CONFIG":"{\"projectId\":\"mandubk-370d7\",\"databaseURL\":\"https://mandubk-370d7-default-rtdb.asia-southeast1.firebasedatabase.app\",\"storageBucket\":\"mandubk-370d7.appspot.com\",\"locationId\":\"australia-southeast1\"}","GCLOUD_PROJECT":"mandubk-370d7"},"runtime":"nodejs16","maxInstances":3000,"ingressSettings":"ALLOW_ALL","buildId":"c3494e65-d212-4431-92d3-9b45a9abed11","buildName":"projects/261518911024/locations/us-central1/builds/c3494e65-d212-4431-92d3-9b45a9abed11","dockerRegistry":"ARTIFACT_REGISTRY"},{"name":"projects/mandubk-370d7/locations/us-central1/functions/onOrderRequestAccepted","eventTrigger":{"eventType":"providers/cloud.firestore/eventTypes/document.create","resource":"projects/mandubk-370d7/databases/(default)/documents/orders/{docId}","service":"firestore.googleapis.com","failurePolicy":{}},"status":"ACTIVE","entryPoint":"onOrderRequestAccepted","timeout":"60s","availableMemoryMb":256,"serviceAccountEmail":"mandubk-370d7@appspot.gserviceaccount.com","updateTime":"2022-09-03T18:59:00.800Z","versionId":"11","labels":{"deployment-tool":"cli-firebase"},"sourceUploadUrl":"https://storage.googleapis.com/uploads-437038307952.us-central1.cloudfunctions.appspot.com/ae0131df-1f6e-4f4f-8246-c4ec43138808.zip","environmentVariables":{"FIREBASE_CONFIG":"{\"projectId\":\"mandubk-370d7\",\"databaseURL\":\"https://mandubk-370d7-default-rtdb.asia-southeast1.firebasedatabase.app\",\"storageBucket\":\"mandubk-370d7.appspot.com\",\"locationId\":\"australia-southeast1\"}","GCLOUD_PROJECT":"mandubk-370d7"},"runtime":"nodejs16","maxInstances":3000,"ingressSettings":"ALLOW_ALL","buildId":"c3494e65-d212-4431-92d3-9b45a9abed11","buildName":"projects/261518911024/locations/us-central1/builds/c3494e65-d212-4431-92d3-9b45a9abed11","dockerRegistry":"ARTIFACT_REGISTRY"}]}
[debug] [2023-02-26T15:56:25.208Z] >>> [apiv2][query] GET https://cloudfunctions.googleapis.com/v2/projects/mandubk-370d7/locations/-/functions filter=environment%3D%22GEN_2%22
[debug] [2023-02-26T15:56:26.843Z] <<< [apiv2][status] GET https://cloudfunctions.googleapis.com/v2/projects/mandubk-370d7/locations/-/functions 200
[debug] [2023-02-26T15:56:26.843Z] <<< [apiv2][body] GET https://cloudfunctions.googleapis.com/v2/projects/mandubk-370d7/locations/-/functions {}
[debug] [2023-02-26T15:56:26.873Z] >>> [apiv2][query] GET https://firebase.googleapis.com/v1beta1/projects/mandubk-370d7 [none]
[debug] [2023-02-26T15:56:27.761Z] <<< [apiv2][status] GET https://firebase.googleapis.com/v1beta1/projects/mandubk-370d7 200
[debug] [2023-02-26T15:56:27.761Z] <<< [apiv2][body] GET https://firebase.googleapis.com/v1beta1/projects/mandubk-370d7 {"projectId":"mandubk-370d7","projectNumber":"261518911024","displayName":"mandubk","name":"projects/mandubk-370d7","resources":{"hostingSite":"mandubk-370d7","realtimeDatabaseInstance":"mandubk-370d7-default-rtdb","storageBucket":"mandubk-370d7.appspot.com","locationId":"australia-southeast1"},"state":"ACTIVE","etag":"1_43a3807f-ca88-4f65-b6c2-addb16447a67"}
[debug] [2023-02-26T15:56:27.764Z] >>> [apiv2][query] POST https://cloudfunctions.googleapis.com/v1/projects/mandubk-370d7/locations/us-central1/functions:generateUploadUrl [none]
[debug] [2023-02-26T15:56:27.764Z] >>> [apiv2][body] POST https://cloudfunctions.googleapis.com/v1/projects/mandubk-370d7/locations/us-central1/functions:generateUploadUrl {}
[debug] [2023-02-26T15:56:28.717Z] <<< [apiv2][status] POST https://cloudfunctions.googleapis.com/v1/projects/mandubk-370d7/locations/us-central1/functions:generateUploadUrl 200
[debug] [2023-02-26T15:56:28.718Z] <<< [apiv2][body] POST https://cloudfunctions.googleapis.com/v1/projects/mandubk-370d7/locations/us-central1/functions:generateUploadUrl {"uploadUrl":"https://storage.googleapis.com/uploads-437038307952.us-central1.cloudfunctions.appspot.com/50451662-3de4-42e3-994c-fe53b782503c.zip?GoogleAccessId=service-261518911024@gcf-admin-robot.iam.gserviceaccount.com&Expires=1677428788&Signature=nFx%2BHHDV30pywiIDQ2oVniY8GYgVt1NJBrc22laU58JElMWi%2BbdMP0Tbt3toJ4wnKp9t11URcReDK%2FlgCRWLiwtWIdtP7eJZRngmMOWr0U47xsn2gF%2BYmG2Jaw65n%2BjJC85qrE0E2Nzgn6Wn40O%2FxA%2FMIhteL4qDpfE4xYvXMZTrkTbBIWZgMTn9wuisk%2Ft6eToV7l8EvohTZrhcugJWCf5MpnQi5eTJI4KavJeo9p2sFcuVmwzqJt4wBkgHqv4bJQ5d%2FtOsllq2audS9zy%2F%2FuXHGNdsxnu70m27vEDdyrh6bcgK0wNruY2bEag2hky6pl6jJ4XEf5UZoa6WFomVIg%3D%3D"}
[debug] [2023-02-26T15:56:28.722Z] >>> [apiv2][query] PUT https://storage.googleapis.com/uploads-437038307952.us-central1.cloudfunctions.appspot.com/50451662-3de4-42e3-994c-fe53b782503c.zip GoogleAccessId=service-261518911024%40gcf-admin-robot.iam.gserviceaccount.com&Expires=1677428788&Signature=nFx%2BHHDV30pywiIDQ2oVniY8GYgVt1NJBrc22laU58JElMWi%2BbdMP0Tbt3toJ4wnKp9t11URcReDK%2FlgCRWLiwtWIdtP7eJZRngmMOWr0U47xsn2gF%2BYmG2Jaw65n%2BjJC85qrE0E2Nzgn6Wn40O%2FxA%2FMIhteL4qDpfE4xYvXMZTrkTbBIWZgMTn9wuisk%2Ft6eToV7l8EvohTZrhcugJWCf5MpnQi5eTJI4KavJeo9p2sFcuVmwzqJt4wBkgHqv4bJQ5d%2FtOsllq2audS9zy%2F%2FuXHGNdsxnu70m27vEDdyrh6bcgK0wNruY2bEag2hky6pl6jJ4XEf5UZoa6WFomVIg%3D%3D
[debug] [2023-02-26T15:56:28.723Z] >>> [apiv2][body] PUT https://storage.googleapis.com/uploads-437038307952.us-central1.cloudfunctions.appspot.com/50451662-3de4-42e3-994c-fe53b782503c.zip [stream]
[debug] [2023-02-26T15:56:30.722Z] <<< [apiv2][status] PUT https://storage.googleapis.com/uploads-437038307952.us-central1.cloudfunctions.appspot.com/50451662-3de4-42e3-994c-fe53b782503c.zip 200
[debug] [2023-02-26T15:56:30.723Z] <<< [apiv2][body] PUT https://storage.googleapis.com/uploads-437038307952.us-central1.cloudfunctions.appspot.com/50451662-3de4-42e3-994c-fe53b782503c.zip [omitted]
[info] +  functions: functions folder uploaded successfully 
[info] 
The following functions are found in your project but do not exist in your local source code:
	onDeleteUser(us-central1)
	onNewUser(us-central1)
	onOrderCreated(us-central1)
	onOrderReported(us-central1)
	onOrderRequestAccepted(us-central1)

If you are renaming a function or changing its region, it is recommended that you create the new function first before deleting the old one to prevent event loss. For more info, visit https://firebase.google.com/docs/functions/manage-functions#modify

[info] i  functions: updating Node.js 16 function helloWorld(us-central1)... 
[debug] [2023-02-26T15:57:06.091Z] >>> [apiv2][query] PATCH https://cloudfunctions.googleapis.com/v1/projects/mandubk-370d7/locations/us-central1/functions/helloWorld updateMask=name%2CsourceUploadUrl%2CentryPoint%2Cruntime%2CdockerRegistry%2Clabels%2ChttpsTrigger.securityLevel%2CenvironmentVariables%2CavailableMemoryMb%2CsourceToken
[debug] [2023-02-26T15:57:06.092Z] >>> [apiv2][body] PATCH https://cloudfunctions.googleapis.com/v1/projects/mandubk-370d7/locations/us-central1/functions/helloWorld {"name":"projects/mandubk-370d7/locations/us-central1/functions/helloWorld","sourceUploadUrl":"https://storage.googleapis.com/uploads-437038307952.us-central1.cloudfunctions.appspot.com/50451662-3de4-42e3-994c-fe53b782503c.zip?GoogleAccessId=service-261518911024@gcf-admin-robot.iam.gserviceaccount.com&Expires=1677428788&Signature=nFx%2BHHDV30pywiIDQ2oVniY8GYgVt1NJBrc22laU58JElMWi%2BbdMP0Tbt3toJ4wnKp9t11URcReDK%2FlgCRWLiwtWIdtP7eJZRngmMOWr0U47xsn2gF%2BYmG2Jaw65n%2BjJC85qrE0E2Nzgn6Wn40O%2FxA%2FMIhteL4qDpfE4xYvXMZTrkTbBIWZgMTn9wuisk%2Ft6eToV7l8EvohTZrhcugJWCf5MpnQi5eTJI4KavJeo9p2sFcuVmwzqJt4wBkgHqv4bJQ5d%2FtOsllq2audS9zy%2F%2FuXHGNdsxnu70m27vEDdyrh6bcgK0wNruY2bEag2hky6pl6jJ4XEf5UZoa6WFomVIg%3D%3D","entryPoint":"helloWorld","runtime":"nodejs16","dockerRegistry":"ARTIFACT_REGISTRY","labels":{"deployment-tool":"cli-firebase"},"httpsTrigger":{"securityLevel":"SECURE_ALWAYS"},"environmentVariables":{"FIREBASE_CONFIG":"{\"projectId\":\"mandubk-370d7\",\"databaseURL\":\"https://mandubk-370d7-default-rtdb.asia-southeast1.firebasedatabase.app\",\"storageBucket\":\"mandubk-370d7.appspot.com\",\"locationId\":\"australia-southeast1\"}","GCLOUD_PROJECT":"mandubk-370d7"},"availableMemoryMb":256}
[debug] [2023-02-26T15:57:07.118Z] <<< [apiv2][status] PATCH https://cloudfunctions.googleapis.com/v1/projects/mandubk-370d7/locations/us-central1/functions/helloWorld 200
[debug] [2023-02-26T15:57:07.118Z] <<< [apiv2][body] PATCH https://cloudfunctions.googleapis.com/v1/projects/mandubk-370d7/locations/us-central1/functions/helloWorld {"name":"operations/bWFuZHViay0zNzBkNy91cy1jZW50cmFsMS9oZWxsb1dvcmxkL3FTMkdzYTNpTVpZ","metadata":{"@type":"type.googleapis.com/google.cloud.functions.v1.OperationMetadataV1","target":"projects/mandubk-370d7/locations/us-central1/functions/helloWorld","type":"UPDATE_FUNCTION","request":{"@type":"type.googleapis.com/google.cloud.functions.v1.CloudFunction","name":"projects/mandubk-370d7/locations/us-central1/functions/helloWorld","httpsTrigger":{"url":"https://us-central1-mandubk-370d7.cloudfunctions.net/helloWorld","securityLevel":"SECURE_ALWAYS"},"status":"ACTIVE","entryPoint":"helloWorld","timeout":"60s","availableMemoryMb":256,"serviceAccountEmail":"mandubk-370d7@appspot.gserviceaccount.com","updateTime":"2022-09-03T18:58:49.777Z","versionId":"12","labels":{"deployment-tool":"cli-firebase"},"sourceUploadUrl":"https://storage.googleapis.com/uploads-437038307952.us-central1.cloudfunctions.appspot.com/50451662-3de4-42e3-994c-fe53b782503c.zip?GoogleAccessId=service-261518911024@gcf-admin-robot.iam.gserviceaccount.com&Expires=1677428788&Signature=nFx%2BHHDV30pywiIDQ2oVniY8GYgVt1NJBrc22laU58JElMWi%2BbdMP0Tbt3toJ4wnKp9t11URcReDK%2FlgCRWLiwtWIdtP7eJZRngmMOWr0U47xsn2gF%2BYmG2Jaw65n%2BjJC85qrE0E2Nzgn6Wn40O%2FxA%2FMIhteL4qDpfE4xYvXMZTrkTbBIWZgMTn9wuisk%2Ft6eToV7l8EvohTZrhcugJWCf5MpnQi5eTJI4KavJeo9p2sFcuVmwzqJt4wBkgHqv4bJQ5d%2FtOsllq2audS9zy%2F%2FuXHGNdsxnu70m27vEDdyrh6bcgK0wNruY2bEag2hky6pl6jJ4XEf5UZoa6WFomVIg%3D%3D","environmentVariables":{"FIREBASE_CONFIG":"{\"projectId\":\"mandubk-370d7\",\"databaseURL\":\"https://mandubk-370d7-default-rtdb.asia-southeast1.firebasedatabase.app\",\"storageBucket\":\"mandubk-370d7.appspot.com\",\"locationId\":\"australia-southeast1\"}","GCLOUD_PROJECT":"mandubk-370d7"},"runtime":"nodejs16","ingressSettings":"ALLOW_ALL","buildId":"c3494e65-d212-4431-92d3-9b45a9abed11","buildName":"projects/261518911024/locations/us-central1/builds/c3494e65-d212-4431-92d3-9b45a9abed11","dockerRegistry":"ARTIFACT_REGISTRY"},"versionId":"13","updateTime":"2023-02-26T15:57:06Z"}}
[debug] [2023-02-26T15:57:07.120Z] >>> [apiv2][query] GET https://cloudfunctions.googleapis.com/v1/operations/bWFuZHViay0zNzBkNy91cy1jZW50cmFsMS9oZWxsb1dvcmxkL3FTMkdzYTNpTVpZ [none]
[debug] [2023-02-26T15:57:08.082Z] <<< [apiv2][status] GET https://cloudfunctions.googleapis.com/v1/operations/bWFuZHViay0zNzBkNy91cy1jZW50cmFsMS9oZWxsb1dvcmxkL3FTMkdzYTNpTVpZ 200
[debug] [2023-02-26T15:57:08.082Z] <<< [apiv2][body] GET https://cloudfunctions.googleapis.com/v1/operations/bWFuZHViay0zNzBkNy91cy1jZW50cmFsMS9oZWxsb1dvcmxkL3FTMkdzYTNpTVpZ {"name":"operations/bWFuZHViay0zNzBkNy91cy1jZW50cmFsMS9oZWxsb1dvcmxkL3FTMkdzYTNpTVpZ","metadata":{"@type":"type.googleapis.com/google.cloud.functions.v1.OperationMetadataV1","target":"projects/mandubk-370d7/locations/us-central1/functions/helloWorld","type":"UPDATE_FUNCTION","request":{"@type":"type.googleapis.com/google.cloud.functions.v1.CloudFunction","name":"projects/mandubk-370d7/locations/us-central1/functions/helloWorld","httpsTrigger":{"url":"https://us-central1-mandubk-370d7.cloudfunctions.net/helloWorld","securityLevel":"SECURE_ALWAYS"},"status":"ACTIVE","entryPoint":"helloWorld","timeout":"60s","availableMemoryMb":256,"serviceAccountEmail":"mandubk-370d7@appspot.gserviceaccount.com","updateTime":"2022-09-03T18:58:49.777Z","versionId":"12","labels":{"deployment-tool":"cli-firebase"},"sourceUploadUrl":"https://storage.googleapis.com/uploads-437038307952.us-central1.cloudfunctions.appspot.com/50451662-3de4-42e3-994c-fe53b782503c.zip?GoogleAccessId=service-261518911024@gcf-admin-robot.iam.gserviceaccount.com&Expires=1677428788&Signature=nFx%2BHHDV30pywiIDQ2oVniY8GYgVt1NJBrc22laU58JElMWi%2BbdMP0Tbt3toJ4wnKp9t11URcReDK%2FlgCRWLiwtWIdtP7eJZRngmMOWr0U47xsn2gF%2BYmG2Jaw65n%2BjJC85qrE0E2Nzgn6Wn40O%2FxA%2FMIhteL4qDpfE4xYvXMZTrkTbBIWZgMTn9wuisk%2Ft6eToV7l8EvohTZrhcugJWCf5MpnQi5eTJI4KavJeo9p2sFcuVmwzqJt4wBkgHqv4bJQ5d%2FtOsllq2audS9zy%2F%2FuXHGNdsxnu70m27vEDdyrh6bcgK0wNruY2bEag2hky6pl6jJ4XEf5UZoa6WFomVIg%3D%3D","environmentVariables":{"FIREBASE_CONFIG":"{\"projectId\":\"mandubk-370d7\",\"databaseURL\":\"https://mandubk-370d7-default-rtdb.asia-southeast1.firebasedatabase.app\",\"storageBucket\":\"mandubk-370d7.appspot.com\",\"locationId\":\"australia-southeast1\"}","GCLOUD_PROJECT":"mandubk-370d7"},"runtime":"nodejs16","ingressSettings":"ALLOW_ALL","buildId":"c3494e65-d212-4431-92d3-9b45a9abed11","buildName":"projects/261518911024/locations/us-central1/builds/c3494e65-d212-4431-92d3-9b45a9abed11","dockerRegistry":"ARTIFACT_REGISTRY"},"versionId":"13","updateTime":"2023-02-26T15:57:07Z"}}
[debug] [2023-02-26T15:57:08.590Z] [update-default-us-central1-helloWorld] Retrying task index 0
[debug] [2023-02-26T15:57:08.591Z] >>> [apiv2][query] GET https://cloudfunctions.googleapis.com/v1/operations/bWFuZHViay0zNzBkNy91cy1jZW50cmFsMS9oZWxsb1dvcmxkL3FTMkdzYTNpTVpZ [none]
[debug] [2023-02-26T15:57:09.241Z] <<< [apiv2][status] GET https://cloudfunctions.googleapis.com/v1/operations/bWFuZHViay0zNzBkNy91cy1jZW50cmFsMS9oZWxsb1dvcmxkL3FTMkdzYTNpTVpZ 200
[debug] [2023-02-26T15:57:09.242Z] <<< [apiv2][body] GET https://cloudfunctions.googleapis.com/v1/operations/bWFuZHViay0zNzBkNy91cy1jZW50cmFsMS9oZWxsb1dvcmxkL3FTMkdzYTNpTVpZ {"name":"operations/bWFuZHViay0zNzBkNy91cy1jZW50cmFsMS9oZWxsb1dvcmxkL3FTMkdzYTNpTVpZ","metadata":{"@type":"type.googleapis.com/google.cloud.functions.v1.OperationMetadataV1","target":"projects/mandubk-370d7/locations/us-central1/functions/helloWorld","type":"UPDATE_FUNCTION","request":{"@type":"type.googleapis.com/google.cloud.functions.v1.CloudFunction","name":"projects/mandubk-370d7/locations/us-central1/functions/helloWorld","httpsTrigger":{"url":"https://us-central1-mandubk-370d7.cloudfunctions.net/helloWorld","securityLevel":"SECURE_ALWAYS"},"status":"ACTIVE","entryPoint":"helloWorld","timeout":"60s","availableMemoryMb":256,"serviceAccountEmail":"mandubk-370d7@appspot.gserviceaccount.com","updateTime":"2022-09-03T18:58:49.777Z","versionId":"12","labels":{"deployment-tool":"cli-firebase"},"sourceUploadUrl":"https://storage.googleapis.com/uploads-437038307952.us-central1.cloudfunctions.appspot.com/50451662-3de4-42e3-994c-fe53b782503c.zip?GoogleAccessId=service-261518911024@gcf-admin-robot.iam.gserviceaccount.com&Expires=1677428788&Signature=nFx%2BHHDV30pywiIDQ2oVniY8GYgVt1NJBrc22laU58JElMWi%2BbdMP0Tbt3toJ4wnKp9t11URcReDK%2FlgCRWLiwtWIdtP7eJZRngmMOWr0U47xsn2gF%2BYmG2Jaw65n%2BjJC85qrE0E2Nzgn6Wn40O%2FxA%2FMIhteL4qDpfE4xYvXMZTrkTbBIWZgMTn9wuisk%2Ft6eToV7l8EvohTZrhcugJWCf5MpnQi5eTJI4KavJeo9p2sFcuVmwzqJt4wBkgHqv4bJQ5d%2FtOsllq2audS9zy%2F%2FuXHGNdsxnu70m27vEDdyrh6bcgK0wNruY2bEag2hky6pl6jJ4XEf5UZoa6WFomVIg%3D%3D","environmentVariables":{"FIREBASE_CONFIG":"{\"projectId\":\"mandubk-370d7\",\"databaseURL\":\"https://mandubk-370d7-default-rtdb.asia-southeast1.firebasedatabase.app\",\"storageBucket\":\"mandubk-370d7.appspot.com\",\"locationId\":\"australia-southeast1\"}","GCLOUD_PROJECT":"mandubk-370d7"},"runtime":"nodejs16","ingressSettings":"ALLOW_ALL","buildId":"c3494e65-d212-4431-92d3-9b45a9abed11","buildName":"projects/261518911024/locations/us-central1/builds/c3494e65-d212-4431-92d3-9b45a9abed11","dockerRegistry":"ARTIFACT_REGISTRY"},"versionId":"13","updateTime":"2023-02-26T15:57:07Z","buildId":"3c77e51b-1a8b-43ca-9200-52894e985adb","buildName":"projects/261518911024/locations/us-central1/builds/3c77e51b-1a8b-43ca-9200-52894e985adb"}}
[debug] [2023-02-26T15:57:10.247Z] [update-default-us-central1-helloWorld] Retrying task index 0
[debug] [2023-02-26T15:57:10.248Z] >>> [apiv2][query] GET https://cloudfunctions.googleapis.com/v1/operations/bWFuZHViay0zNzBkNy91cy1jZW50cmFsMS9oZWxsb1dvcmxkL3FTMkdzYTNpTVpZ [none]
[debug] [2023-02-26T15:57:10.956Z] <<< [apiv2][status] GET https://cloudfunctions.googleapis.com/v1/operations/bWFuZHViay0zNzBkNy91cy1jZW50cmFsMS9oZWxsb1dvcmxkL3FTMkdzYTNpTVpZ 200
[debug] [2023-02-26T15:57:10.957Z] <<< [apiv2][body] GET https://cloudfunctions.googleapis.com/v1/operations/bWFuZHViay0zNzBkNy91cy1jZW50cmFsMS9oZWxsb1dvcmxkL3FTMkdzYTNpTVpZ {"name":"operations/bWFuZHViay0zNzBkNy91cy1jZW50cmFsMS9oZWxsb1dvcmxkL3FTMkdzYTNpTVpZ","metadata":{"@type":"type.googleapis.com/google.cloud.functions.v1.OperationMetadataV1","target":"projects/mandubk-370d7/locations/us-central1/functions/helloWorld","type":"UPDATE_FUNCTION","request":{"@type":"type.googleapis.com/google.cloud.functions.v1.CloudFunction","name":"projects/mandubk-370d7/locations/us-central1/functions/helloWorld","httpsTrigger":{"url":"https://us-central1-mandubk-370d7.cloudfunctions.net/helloWorld","securityLevel":"SECURE_ALWAYS"},"status":"ACTIVE","entryPoint":"helloWorld","timeout":"60s","availableMemoryMb":256,"serviceAccountEmail":"mandubk-370d7@appspot.gserviceaccount.com","updateTime":"2022-09-03T18:58:49.777Z","versionId":"12","labels":{"deployment-tool":"cli-firebase"},"sourceUploadUrl":"https://storage.googleapis.com/uploads-437038307952.us-central1.cloudfunctions.appspot.com/50451662-3de4-42e3-994c-fe53b782503c.zip?GoogleAccessId=service-261518911024@gcf-admin-robot.iam.gserviceaccount.com&Expires=1677428788&Signature=nFx%2BHHDV30pywiIDQ2oVniY8GYgVt1NJBrc22laU58JElMWi%2BbdMP0Tbt3toJ4wnKp9t11URcReDK%2FlgCRWLiwtWIdtP7eJZRngmMOWr0U47xsn2gF%2BYmG2Jaw65n%2BjJC85qrE0E2Nzgn6Wn40O%2FxA%2FMIhteL4qDpfE4xYvXMZTrkTbBIWZgMTn9wuisk%2Ft6eToV7l8EvohTZrhcugJWCf5MpnQi5eTJI4KavJeo9p2sFcuVmwzqJt4wBkgHqv4bJQ5d%2FtOsllq2audS9zy%2F%2FuXHGNdsxnu70m27vEDdyrh6bcgK0wNruY2bEag2hky6pl6jJ4XEf5UZoa6WFomVIg%3D%3D","environmentVariables":{"FIREBASE_CONFIG":"{\"projectId\":\"mandubk-370d7\",\"databaseURL\":\"https://mandubk-370d7-default-rtdb.asia-southeast1.firebasedatabase.app\",\"storageBucket\":\"mandubk-370d7.appspot.com\",\"locationId\":\"australia-southeast1\"}","GCLOUD_PROJECT":"mandubk-370d7"},"runtime":"nodejs16","ingressSettings":"ALLOW_ALL","buildId":"c3494e65-d212-4431-92d3-9b45a9abed11","buildName":"projects/261518911024/locations/us-central1/builds/c3494e65-d212-4431-92d3-9b45a9abed11","dockerRegistry":"ARTIFACT_REGISTRY"},"versionId":"13","updateTime":"2023-02-26T15:57:07Z","buildId":"3c77e51b-1a8b-43ca-9200-52894e985adb","buildName":"projects/261518911024/locations/us-central1/builds/3c77e51b-1a8b-43ca-9200-52894e985adb"}}
[debug] [2023-02-26T15:57:12.962Z] [update-default-us-central1-helloWorld] Retrying task index 0
[debug] [2023-02-26T15:57:12.963Z] >>> [apiv2][query] GET https://cloudfunctions.googleapis.com/v1/operations/bWFuZHViay0zNzBkNy91cy1jZW50cmFsMS9oZWxsb1dvcmxkL3FTMkdzYTNpTVpZ [none]
[debug] [2023-02-26T15:57:13.844Z] <<< [apiv2][status] GET https://cloudfunctions.googleapis.com/v1/operations/bWFuZHViay0zNzBkNy91cy1jZW50cmFsMS9oZWxsb1dvcmxkL3FTMkdzYTNpTVpZ 200
[debug] [2023-02-26T15:57:13.845Z] <<< [apiv2][body] GET https://cloudfunctions.googleapis.com/v1/operations/bWFuZHViay0zNzBkNy91cy1jZW50cmFsMS9oZWxsb1dvcmxkL3FTMkdzYTNpTVpZ {"name":"operations/bWFuZHViay0zNzBkNy91cy1jZW50cmFsMS9oZWxsb1dvcmxkL3FTMkdzYTNpTVpZ","metadata":{"@type":"type.googleapis.com/google.cloud.functions.v1.OperationMetadataV1","target":"projects/mandubk-370d7/locations/us-central1/functions/helloWorld","type":"UPDATE_FUNCTION","request":{"@type":"type.googleapis.com/google.cloud.functions.v1.CloudFunction","name":"projects/mandubk-370d7/locations/us-central1/functions/helloWorld","httpsTrigger":{"url":"https://us-central1-mandubk-370d7.cloudfunctions.net/helloWorld","securityLevel":"SECURE_ALWAYS"},"status":"ACTIVE","entryPoint":"helloWorld","timeout":"60s","availableMemoryMb":256,"serviceAccountEmail":"mandubk-370d7@appspot.gserviceaccount.com","updateTime":"2022-09-03T18:58:49.777Z","versionId":"12","labels":{"deployment-tool":"cli-firebase"},"sourceUploadUrl":"https://storage.googleapis.com/uploads-437038307952.us-central1.cloudfunctions.appspot.com/50451662-3de4-42e3-994c-fe53b782503c.zip?GoogleAccessId=service-261518911024@gcf-admin-robot.iam.gserviceaccount.com&Expires=1677428788&Signature=nFx%2BHHDV30pywiIDQ2oVniY8GYgVt1NJBrc22laU58JElMWi%2BbdMP0Tbt3toJ4wnKp9t11URcReDK%2FlgCRWLiwtWIdtP7eJZRngmMOWr0U47xsn2gF%2BYmG2Jaw65n%2BjJC85qrE0E2Nzgn6Wn40O%2FxA%2FMIhteL4qDpfE4xYvXMZTrkTbBIWZgMTn9wuisk%2Ft6eToV7l8EvohTZrhcugJWCf5MpnQi5eTJI4KavJeo9p2sFcuVmwzqJt4wBkgHqv4bJQ5d%2FtOsllq2audS9zy%2F%2FuXHGNdsxnu70m27vEDdyrh6bcgK0wNruY2bEag2hky6pl6jJ4XEf5UZoa6WFomVIg%3D%3D","environmentVariables":{"FIREBASE_CONFIG":"{\"projectId\":\"mandubk-370d7\",\"databaseURL\":\"https://mandubk-370d7-default-rtdb.asia-southeast1.firebasedatabase.app\",\"storageBucket\":\"mandubk-370d7.appspot.com\",\"locationId\":\"australia-southeast1\"}","GCLOUD_PROJECT":"mandubk-370d7"},"runtime":"nodejs16","ingressSettings":"ALLOW_ALL","buildId":"c3494e65-d212-4431-92d3-9b45a9abed11","buildName":"projects/261518911024/locations/us-central1/builds/c3494e65-d212-4431-92d3-9b45a9abed11","dockerRegistry":"ARTIFACT_REGISTRY"},"versionId":"13","updateTime":"2023-02-26T15:57:07Z","buildId":"3c77e51b-1a8b-43ca-9200-52894e985adb","buildName":"projects/261518911024/locations/us-central1/builds/3c77e51b-1a8b-43ca-9200-52894e985adb"}}
[debug] [2023-02-26T15:57:17.853Z] [update-default-us-central1-helloWorld] Retrying task index 0
[debug] [2023-02-26T15:57:17.854Z] >>> [apiv2][query] GET https://cloudfunctions.googleapis.com/v1/operations/bWFuZHViay0zNzBkNy91cy1jZW50cmFsMS9oZWxsb1dvcmxkL3FTMkdzYTNpTVpZ [none]
[debug] [2023-02-26T15:57:18.959Z] <<< [apiv2][status] GET https://cloudfunctions.googleapis.com/v1/operations/bWFuZHViay0zNzBkNy91cy1jZW50cmFsMS9oZWxsb1dvcmxkL3FTMkdzYTNpTVpZ 200
[debug] [2023-02-26T15:57:18.960Z] <<< [apiv2][body] GET https://cloudfunctions.googleapis.com/v1/operations/bWFuZHViay0zNzBkNy91cy1jZW50cmFsMS9oZWxsb1dvcmxkL3FTMkdzYTNpTVpZ {"name":"operations/bWFuZHViay0zNzBkNy91cy1jZW50cmFsMS9oZWxsb1dvcmxkL3FTMkdzYTNpTVpZ","metadata":{"@type":"type.googleapis.com/google.cloud.functions.v1.OperationMetadataV1","target":"projects/mandubk-370d7/locations/us-central1/functions/helloWorld","type":"UPDATE_FUNCTION","request":{"@type":"type.googleapis.com/google.cloud.functions.v1.CloudFunction","name":"projects/mandubk-370d7/locations/us-central1/functions/helloWorld","httpsTrigger":{"url":"https://us-central1-mandubk-370d7.cloudfunctions.net/helloWorld","securityLevel":"SECURE_ALWAYS"},"status":"ACTIVE","entryPoint":"helloWorld","timeout":"60s","availableMemoryMb":256,"serviceAccountEmail":"mandubk-370d7@appspot.gserviceaccount.com","updateTime":"2022-09-03T18:58:49.777Z","versionId":"12","labels":{"deployment-tool":"cli-firebase"},"sourceUploadUrl":"https://storage.googleapis.com/uploads-437038307952.us-central1.cloudfunctions.appspot.com/50451662-3de4-42e3-994c-fe53b782503c.zip?GoogleAccessId=service-261518911024@gcf-admin-robot.iam.gserviceaccount.com&Expires=1677428788&Signature=nFx%2BHHDV30pywiIDQ2oVniY8GYgVt1NJBrc22laU58JElMWi%2BbdMP0Tbt3toJ4wnKp9t11URcReDK%2FlgCRWLiwtWIdtP7eJZRngmMOWr0U47xsn2gF%2BYmG2Jaw65n%2BjJC85qrE0E2Nzgn6Wn40O%2FxA%2FMIhteL4qDpfE4xYvXMZTrkTbBIWZgMTn9wuisk%2Ft6eToV7l8EvohTZrhcugJWCf5MpnQi5eTJI4KavJeo9p2sFcuVmwzqJt4wBkgHqv4bJQ5d%2FtOsllq2audS9zy%2F%2FuXHGNdsxnu70m27vEDdyrh6bcgK0wNruY2bEag2hky6pl6jJ4XEf5UZoa6WFomVIg%3D%3D","environmentVariables":{"FIREBASE_CONFIG":"{\"projectId\":\"mandubk-370d7\",\"databaseURL\":\"https://mandubk-370d7-default-rtdb.asia-southeast1.firebasedatabase.app\",\"storageBucket\":\"mandubk-370d7.appspot.com\",\"locationId\":\"australia-southeast1\"}","GCLOUD_PROJECT":"mandubk-370d7"},"runtime":"nodejs16","ingressSettings":"ALLOW_ALL","buildId":"c3494e65-d212-4431-92d3-9b45a9abed11","buildName":"projects/261518911024/locations/us-central1/builds/c3494e65-d212-4431-92d3-9b45a9abed11","dockerRegistry":"ARTIFACT_REGISTRY"},"versionId":"13","updateTime":"2023-02-26T15:57:07Z","buildId":"3c77e51b-1a8b-43ca-9200-52894e985adb","buildName":"projects/261518911024/locations/us-central1/builds/3c77e51b-1a8b-43ca-9200-52894e985adb"}}
[debug] [2023-02-26T15:57:26.963Z] [update-default-us-central1-helloWorld] Retrying task index 0
[debug] [2023-02-26T15:57:26.964Z] >>> [apiv2][query] GET https://cloudfunctions.googleapis.com/v1/operations/bWFuZHViay0zNzBkNy91cy1jZW50cmFsMS9oZWxsb1dvcmxkL3FTMkdzYTNpTVpZ [none]
[debug] [2023-02-26T15:57:27.922Z] <<< [apiv2][status] GET https://cloudfunctions.googleapis.com/v1/operations/bWFuZHViay0zNzBkNy91cy1jZW50cmFsMS9oZWxsb1dvcmxkL3FTMkdzYTNpTVpZ 200
[debug] [2023-02-26T15:57:27.923Z] <<< [apiv2][body] GET https://cloudfunctions.googleapis.com/v1/operations/bWFuZHViay0zNzBkNy91cy1jZW50cmFsMS9oZWxsb1dvcmxkL3FTMkdzYTNpTVpZ {"name":"operations/bWFuZHViay0zNzBkNy91cy1jZW50cmFsMS9oZWxsb1dvcmxkL3FTMkdzYTNpTVpZ","metadata":{"@type":"type.googleapis.com/google.cloud.functions.v1.OperationMetadataV1","target":"projects/mandubk-370d7/locations/us-central1/functions/helloWorld","type":"UPDATE_FUNCTION","request":{"@type":"type.googleapis.com/google.cloud.functions.v1.CloudFunction","name":"projects/mandubk-370d7/locations/us-central1/functions/helloWorld","httpsTrigger":{"url":"https://us-central1-mandubk-370d7.cloudfunctions.net/helloWorld","securityLevel":"SECURE_ALWAYS"},"status":"ACTIVE","entryPoint":"helloWorld","timeout":"60s","availableMemoryMb":256,"serviceAccountEmail":"mandubk-370d7@appspot.gserviceaccount.com","updateTime":"2022-09-03T18:58:49.777Z","versionId":"12","labels":{"deployment-tool":"cli-firebase"},"sourceUploadUrl":"https://storage.googleapis.com/uploads-437038307952.us-central1.cloudfunctions.appspot.com/50451662-3de4-42e3-994c-fe53b782503c.zip?GoogleAccessId=service-261518911024@gcf-admin-robot.iam.gserviceaccount.com&Expires=1677428788&Signature=nFx%2BHHDV30pywiIDQ2oVniY8GYgVt1NJBrc22laU58JElMWi%2BbdMP0Tbt3toJ4wnKp9t11URcReDK%2FlgCRWLiwtWIdtP7eJZRngmMOWr0U47xsn2gF%2BYmG2Jaw65n%2BjJC85qrE0E2Nzgn6Wn40O%2FxA%2FMIhteL4qDpfE4xYvXMZTrkTbBIWZgMTn9wuisk%2Ft6eToV7l8EvohTZrhcugJWCf5MpnQi5eTJI4KavJeo9p2sFcuVmwzqJt4wBkgHqv4bJQ5d%2FtOsllq2audS9zy%2F%2FuXHGNdsxnu70m27vEDdyrh6bcgK0wNruY2bEag2hky6pl6jJ4XEf5UZoa6WFomVIg%3D%3D","environmentVariables":{"FIREBASE_CONFIG":"{\"projectId\":\"mandubk-370d7\",\"databaseURL\":\"https://mandubk-370d7-default-rtdb.asia-southeast1.firebasedatabase.app\",\"storageBucket\":\"mandubk-370d7.appspot.com\",\"locationId\":\"australia-southeast1\"}","GCLOUD_PROJECT":"mandubk-370d7"},"runtime":"nodejs16","ingressSettings":"ALLOW_ALL","buildId":"c3494e65-d212-4431-92d3-9b45a9abed11","buildName":"projects/261518911024/locations/us-central1/builds/c3494e65-d212-4431-92d3-9b45a9abed11","dockerRegistry":"ARTIFACT_REGISTRY"},"versionId":"13","updateTime":"2023-02-26T15:57:07Z","buildId":"3c77e51b-1a8b-43ca-9200-52894e985adb","buildName":"projects/261518911024/locations/us-central1/builds/3c77e51b-1a8b-43ca-9200-52894e985adb"}}
[debug] [2023-02-26T15:57:37.925Z] [update-default-us-central1-helloWorld] Retrying task index 0
[debug] [2023-02-26T15:57:37.926Z] >>> [apiv2][query] GET https://cloudfunctions.googleapis.com/v1/operations/bWFuZHViay0zNzBkNy91cy1jZW50cmFsMS9oZWxsb1dvcmxkL3FTMkdzYTNpTVpZ [none]
[debug] [2023-02-26T15:57:38.637Z] <<< [apiv2][status] GET https://cloudfunctions.googleapis.com/v1/operations/bWFuZHViay0zNzBkNy91cy1jZW50cmFsMS9oZWxsb1dvcmxkL3FTMkdzYTNpTVpZ 200
[debug] [2023-02-26T15:57:38.637Z] <<< [apiv2][body] GET https://cloudfunctions.googleapis.com/v1/operations/bWFuZHViay0zNzBkNy91cy1jZW50cmFsMS9oZWxsb1dvcmxkL3FTMkdzYTNpTVpZ {"name":"operations/bWFuZHViay0zNzBkNy91cy1jZW50cmFsMS9oZWxsb1dvcmxkL3FTMkdzYTNpTVpZ","metadata":{"@type":"type.googleapis.com/google.cloud.functions.v1.OperationMetadataV1","target":"projects/mandubk-370d7/locations/us-central1/functions/helloWorld","type":"UPDATE_FUNCTION","request":{"@type":"type.googleapis.com/google.cloud.functions.v1.CloudFunction","name":"projects/mandubk-370d7/locations/us-central1/functions/helloWorld","httpsTrigger":{"url":"https://us-central1-mandubk-370d7.cloudfunctions.net/helloWorld","securityLevel":"SECURE_ALWAYS"},"status":"ACTIVE","entryPoint":"helloWorld","timeout":"60s","availableMemoryMb":256,"serviceAccountEmail":"mandubk-370d7@appspot.gserviceaccount.com","updateTime":"2022-09-03T18:58:49.777Z","versionId":"12","labels":{"deployment-tool":"cli-firebase"},"sourceUploadUrl":"https://storage.googleapis.com/uploads-437038307952.us-central1.cloudfunctions.appspot.com/50451662-3de4-42e3-994c-fe53b782503c.zip?GoogleAccessId=service-261518911024@gcf-admin-robot.iam.gserviceaccount.com&Expires=1677428788&Signature=nFx%2BHHDV30pywiIDQ2oVniY8GYgVt1NJBrc22laU58JElMWi%2BbdMP0Tbt3toJ4wnKp9t11URcReDK%2FlgCRWLiwtWIdtP7eJZRngmMOWr0U47xsn2gF%2BYmG2Jaw65n%2BjJC85qrE0E2Nzgn6Wn40O%2FxA%2FMIhteL4qDpfE4xYvXMZTrkTbBIWZgMTn9wuisk%2Ft6eToV7l8EvohTZrhcugJWCf5MpnQi5eTJI4KavJeo9p2sFcuVmwzqJt4wBkgHqv4bJQ5d%2FtOsllq2audS9zy%2F%2FuXHGNdsxnu70m27vEDdyrh6bcgK0wNruY2bEag2hky6pl6jJ4XEf5UZoa6WFomVIg%3D%3D","environmentVariables":{"FIREBASE_CONFIG":"{\"projectId\":\"mandubk-370d7\",\"databaseURL\":\"https://mandubk-370d7-default-rtdb.asia-southeast1.firebasedatabase.app\",\"storageBucket\":\"mandubk-370d7.appspot.com\",\"locationId\":\"australia-southeast1\"}","GCLOUD_PROJECT":"mandubk-370d7"},"runtime":"nodejs16","ingressSettings":"ALLOW_ALL","buildId":"c3494e65-d212-4431-92d3-9b45a9abed11","buildName":"projects/261518911024/locations/us-central1/builds/c3494e65-d212-4431-92d3-9b45a9abed11","dockerRegistry":"ARTIFACT_REGISTRY"},"versionId":"13","updateTime":"2023-02-26T15:57:07Z","buildId":"3c77e51b-1a8b-43ca-9200-52894e985adb","buildName":"projects/261518911024/locations/us-central1/builds/3c77e51b-1a8b-43ca-9200-52894e985adb"}}
[debug] [2023-02-26T15:57:48.641Z] [update-default-us-central1-helloWorld] Retrying task index 0
[debug] [2023-02-26T15:57:48.642Z] >>> [apiv2][query] GET https://cloudfunctions.googleapis.com/v1/operations/bWFuZHViay0zNzBkNy91cy1jZW50cmFsMS9oZWxsb1dvcmxkL3FTMkdzYTNpTVpZ [none]
[debug] [2023-02-26T15:57:49.357Z] <<< [apiv2][status] GET https://cloudfunctions.googleapis.com/v1/operations/bWFuZHViay0zNzBkNy91cy1jZW50cmFsMS9oZWxsb1dvcmxkL3FTMkdzYTNpTVpZ 200
[debug] [2023-02-26T15:57:49.358Z] <<< [apiv2][body] GET https://cloudfunctions.googleapis.com/v1/operations/bWFuZHViay0zNzBkNy91cy1jZW50cmFsMS9oZWxsb1dvcmxkL3FTMkdzYTNpTVpZ {"name":"operations/bWFuZHViay0zNzBkNy91cy1jZW50cmFsMS9oZWxsb1dvcmxkL3FTMkdzYTNpTVpZ","metadata":{"@type":"type.googleapis.com/google.cloud.functions.v1.OperationMetadataV1","target":"projects/mandubk-370d7/locations/us-central1/functions/helloWorld","type":"UPDATE_FUNCTION","request":{"@type":"type.googleapis.com/google.cloud.functions.v1.CloudFunction","name":"projects/mandubk-370d7/locations/us-central1/functions/helloWorld","httpsTrigger":{"url":"https://us-central1-mandubk-370d7.cloudfunctions.net/helloWorld","securityLevel":"SECURE_ALWAYS"},"status":"ACTIVE","entryPoint":"helloWorld","timeout":"60s","availableMemoryMb":256,"serviceAccountEmail":"mandubk-370d7@appspot.gserviceaccount.com","updateTime":"2022-09-03T18:58:49.777Z","versionId":"12","labels":{"deployment-tool":"cli-firebase"},"sourceUploadUrl":"https://storage.googleapis.com/uploads-437038307952.us-central1.cloudfunctions.appspot.com/50451662-3de4-42e3-994c-fe53b782503c.zip?GoogleAccessId=service-261518911024@gcf-admin-robot.iam.gserviceaccount.com&Expires=1677428788&Signature=nFx%2BHHDV30pywiIDQ2oVniY8GYgVt1NJBrc22laU58JElMWi%2BbdMP0Tbt3toJ4wnKp9t11URcReDK%2FlgCRWLiwtWIdtP7eJZRngmMOWr0U47xsn2gF%2BYmG2Jaw65n%2BjJC85qrE0E2Nzgn6Wn40O%2FxA%2FMIhteL4qDpfE4xYvXMZTrkTbBIWZgMTn9wuisk%2Ft6eToV7l8EvohTZrhcugJWCf5MpnQi5eTJI4KavJeo9p2sFcuVmwzqJt4wBkgHqv4bJQ5d%2FtOsllq2audS9zy%2F%2FuXHGNdsxnu70m27vEDdyrh6bcgK0wNruY2bEag2hky6pl6jJ4XEf5UZoa6WFomVIg%3D%3D","environmentVariables":{"FIREBASE_CONFIG":"{\"projectId\":\"mandubk-370d7\",\"databaseURL\":\"https://mandubk-370d7-default-rtdb.asia-southeast1.firebasedatabase.app\",\"storageBucket\":\"mandubk-370d7.appspot.com\",\"locationId\":\"australia-southeast1\"}","GCLOUD_PROJECT":"mandubk-370d7"},"runtime":"nodejs16","ingressSettings":"ALLOW_ALL","buildId":"c3494e65-d212-4431-92d3-9b45a9abed11","buildName":"projects/261518911024/locations/us-central1/builds/c3494e65-d212-4431-92d3-9b45a9abed11","dockerRegistry":"ARTIFACT_REGISTRY"},"versionId":"13","updateTime":"2023-02-26T15:57:07Z","buildId":"3c77e51b-1a8b-43ca-9200-52894e985adb","buildName":"projects/261518911024/locations/us-central1/builds/3c77e51b-1a8b-43ca-9200-52894e985adb"}}
[debug] [2023-02-26T15:57:59.368Z] [update-default-us-central1-helloWorld] Retrying task index 0
[debug] [2023-02-26T15:57:59.369Z] >>> [apiv2][query] GET https://cloudfunctions.googleapis.com/v1/operations/bWFuZHViay0zNzBkNy91cy1jZW50cmFsMS9oZWxsb1dvcmxkL3FTMkdzYTNpTVpZ [none]
[debug] [2023-02-26T15:58:00.091Z] <<< [apiv2][status] GET https://cloudfunctions.googleapis.com/v1/operations/bWFuZHViay0zNzBkNy91cy1jZW50cmFsMS9oZWxsb1dvcmxkL3FTMkdzYTNpTVpZ 200
[debug] [2023-02-26T15:58:00.091Z] <<< [apiv2][body] GET https://cloudfunctions.googleapis.com/v1/operations/bWFuZHViay0zNzBkNy91cy1jZW50cmFsMS9oZWxsb1dvcmxkL3FTMkdzYTNpTVpZ {"name":"operations/bWFuZHViay0zNzBkNy91cy1jZW50cmFsMS9oZWxsb1dvcmxkL3FTMkdzYTNpTVpZ","metadata":{"@type":"type.googleapis.com/google.cloud.functions.v1.OperationMetadataV1","target":"projects/mandubk-370d7/locations/us-central1/functions/helloWorld","type":"UPDATE_FUNCTION","request":{"@type":"type.googleapis.com/google.cloud.functions.v1.CloudFunction","name":"projects/mandubk-370d7/locations/us-central1/functions/helloWorld","httpsTrigger":{"url":"https://us-central1-mandubk-370d7.cloudfunctions.net/helloWorld","securityLevel":"SECURE_ALWAYS"},"status":"ACTIVE","entryPoint":"helloWorld","timeout":"60s","availableMemoryMb":256,"serviceAccountEmail":"mandubk-370d7@appspot.gserviceaccount.com","updateTime":"2022-09-03T18:58:49.777Z","versionId":"12","labels":{"deployment-tool":"cli-firebase"},"sourceUploadUrl":"https://storage.googleapis.com/uploads-437038307952.us-central1.cloudfunctions.appspot.com/50451662-3de4-42e3-994c-fe53b782503c.zip?GoogleAccessId=service-261518911024@gcf-admin-robot.iam.gserviceaccount.com&Expires=1677428788&Signature=nFx%2BHHDV30pywiIDQ2oVniY8GYgVt1NJBrc22laU58JElMWi%2BbdMP0Tbt3toJ4wnKp9t11URcReDK%2FlgCRWLiwtWIdtP7eJZRngmMOWr0U47xsn2gF%2BYmG2Jaw65n%2BjJC85qrE0E2Nzgn6Wn40O%2FxA%2FMIhteL4qDpfE4xYvXMZTrkTbBIWZgMTn9wuisk%2Ft6eToV7l8EvohTZrhcugJWCf5MpnQi5eTJI4KavJeo9p2sFcuVmwzqJt4wBkgHqv4bJQ5d%2FtOsllq2audS9zy%2F%2FuXHGNdsxnu70m27vEDdyrh6bcgK0wNruY2bEag2hky6pl6jJ4XEf5UZoa6WFomVIg%3D%3D","environmentVariables":{"FIREBASE_CONFIG":"{\"projectId\":\"mandubk-370d7\",\"databaseURL\":\"https://mandubk-370d7-default-rtdb.asia-southeast1.firebasedatabase.app\",\"storageBucket\":\"mandubk-370d7.appspot.com\",\"locationId\":\"australia-southeast1\"}","GCLOUD_PROJECT":"mandubk-370d7"},"runtime":"nodejs16","ingressSettings":"ALLOW_ALL","buildId":"c3494e65-d212-4431-92d3-9b45a9abed11","buildName":"projects/261518911024/locations/us-central1/builds/c3494e65-d212-4431-92d3-9b45a9abed11","dockerRegistry":"ARTIFACT_REGISTRY"},"versionId":"13","updateTime":"2023-02-26T15:57:07Z","buildId":"3c77e51b-1a8b-43ca-9200-52894e985adb","buildName":"projects/261518911024/locations/us-central1/builds/3c77e51b-1a8b-43ca-9200-52894e985adb"}}
[debug] [2023-02-26T15:58:10.098Z] [update-default-us-central1-helloWorld] Retrying task index 0
[debug] [2023-02-26T15:58:10.099Z] >>> [apiv2][query] GET https://cloudfunctions.googleapis.com/v1/operations/bWFuZHViay0zNzBkNy91cy1jZW50cmFsMS9oZWxsb1dvcmxkL3FTMkdzYTNpTVpZ [none]
[debug] [2023-02-26T15:58:10.739Z] <<< [apiv2][status] GET https://cloudfunctions.googleapis.com/v1/operations/bWFuZHViay0zNzBkNy91cy1jZW50cmFsMS9oZWxsb1dvcmxkL3FTMkdzYTNpTVpZ 200
[debug] [2023-02-26T15:58:10.739Z] <<< [apiv2][body] GET https://cloudfunctions.googleapis.com/v1/operations/bWFuZHViay0zNzBkNy91cy1jZW50cmFsMS9oZWxsb1dvcmxkL3FTMkdzYTNpTVpZ {"name":"operations/bWFuZHViay0zNzBkNy91cy1jZW50cmFsMS9oZWxsb1dvcmxkL3FTMkdzYTNpTVpZ","metadata":{"@type":"type.googleapis.com/google.cloud.functions.v1.OperationMetadataV1","target":"projects/mandubk-370d7/locations/us-central1/functions/helloWorld","type":"UPDATE_FUNCTION","request":{"@type":"type.googleapis.com/google.cloud.functions.v1.CloudFunction","name":"projects/mandubk-370d7/locations/us-central1/functions/helloWorld","httpsTrigger":{"url":"https://us-central1-mandubk-370d7.cloudfunctions.net/helloWorld","securityLevel":"SECURE_ALWAYS"},"status":"ACTIVE","entryPoint":"helloWorld","timeout":"60s","availableMemoryMb":256,"serviceAccountEmail":"mandubk-370d7@appspot.gserviceaccount.com","updateTime":"2022-09-03T18:58:49.777Z","versionId":"12","labels":{"deployment-tool":"cli-firebase"},"sourceUploadUrl":"https://storage.googleapis.com/uploads-437038307952.us-central1.cloudfunctions.appspot.com/50451662-3de4-42e3-994c-fe53b782503c.zip?GoogleAccessId=service-261518911024@gcf-admin-robot.iam.gserviceaccount.com&Expires=1677428788&Signature=nFx%2BHHDV30pywiIDQ2oVniY8GYgVt1NJBrc22laU58JElMWi%2BbdMP0Tbt3toJ4wnKp9t11URcReDK%2FlgCRWLiwtWIdtP7eJZRngmMOWr0U47xsn2gF%2BYmG2Jaw65n%2BjJC85qrE0E2Nzgn6Wn40O%2FxA%2FMIhteL4qDpfE4xYvXMZTrkTbBIWZgMTn9wuisk%2Ft6eToV7l8EvohTZrhcugJWCf5MpnQi5eTJI4KavJeo9p2sFcuVmwzqJt4wBkgHqv4bJQ5d%2FtOsllq2audS9zy%2F%2FuXHGNdsxnu70m27vEDdyrh6bcgK0wNruY2bEag2hky6pl6jJ4XEf5UZoa6WFomVIg%3D%3D","environmentVariables":{"FIREBASE_CONFIG":"{\"projectId\":\"mandubk-370d7\",\"databaseURL\":\"https://mandubk-370d7-default-rtdb.asia-southeast1.firebasedatabase.app\",\"storageBucket\":\"mandubk-370d7.appspot.com\",\"locationId\":\"australia-southeast1\"}","GCLOUD_PROJECT":"mandubk-370d7"},"runtime":"nodejs16","ingressSettings":"ALLOW_ALL","buildId":"c3494e65-d212-4431-92d3-9b45a9abed11","buildName":"projects/261518911024/locations/us-central1/builds/c3494e65-d212-4431-92d3-9b45a9abed11","dockerRegistry":"ARTIFACT_REGISTRY"},"versionId":"13","updateTime":"2023-02-26T15:57:07Z","buildId":"3c77e51b-1a8b-43ca-9200-52894e985adb","buildName":"projects/261518911024/locations/us-central1/builds/3c77e51b-1a8b-43ca-9200-52894e985adb"}}
[debug] [2023-02-26T15:58:20.742Z] [update-default-us-central1-helloWorld] Retrying task index 0
[debug] [2023-02-26T15:58:20.743Z] >>> [apiv2][query] GET https://cloudfunctions.googleapis.com/v1/operations/bWFuZHViay0zNzBkNy91cy1jZW50cmFsMS9oZWxsb1dvcmxkL3FTMkdzYTNpTVpZ [none]
[debug] [2023-02-26T15:58:21.423Z] <<< [apiv2][status] GET https://cloudfunctions.googleapis.com/v1/operations/bWFuZHViay0zNzBkNy91cy1jZW50cmFsMS9oZWxsb1dvcmxkL3FTMkdzYTNpTVpZ 200
[debug] [2023-02-26T15:58:21.424Z] <<< [apiv2][body] GET https://cloudfunctions.googleapis.com/v1/operations/bWFuZHViay0zNzBkNy91cy1jZW50cmFsMS9oZWxsb1dvcmxkL3FTMkdzYTNpTVpZ {"name":"operations/bWFuZHViay0zNzBkNy91cy1jZW50cmFsMS9oZWxsb1dvcmxkL3FTMkdzYTNpTVpZ","metadata":{"@type":"type.googleapis.com/google.cloud.functions.v1.OperationMetadataV1","target":"projects/mandubk-370d7/locations/us-central1/functions/helloWorld","type":"UPDATE_FUNCTION","request":{"@type":"type.googleapis.com/google.cloud.functions.v1.CloudFunction","name":"projects/mandubk-370d7/locations/us-central1/functions/helloWorld","httpsTrigger":{"url":"https://us-central1-mandubk-370d7.cloudfunctions.net/helloWorld","securityLevel":"SECURE_ALWAYS"},"status":"ACTIVE","entryPoint":"helloWorld","timeout":"60s","availableMemoryMb":256,"serviceAccountEmail":"mandubk-370d7@appspot.gserviceaccount.com","updateTime":"2022-09-03T18:58:49.777Z","versionId":"12","labels":{"deployment-tool":"cli-firebase"},"sourceUploadUrl":"https://storage.googleapis.com/uploads-437038307952.us-central1.cloudfunctions.appspot.com/50451662-3de4-42e3-994c-fe53b782503c.zip?GoogleAccessId=service-261518911024@gcf-admin-robot.iam.gserviceaccount.com&Expires=1677428788&Signature=nFx%2BHHDV30pywiIDQ2oVniY8GYgVt1NJBrc22laU58JElMWi%2BbdMP0Tbt3toJ4wnKp9t11URcReDK%2FlgCRWLiwtWIdtP7eJZRngmMOWr0U47xsn2gF%2BYmG2Jaw65n%2BjJC85qrE0E2Nzgn6Wn40O%2FxA%2FMIhteL4qDpfE4xYvXMZTrkTbBIWZgMTn9wuisk%2Ft6eToV7l8EvohTZrhcugJWCf5MpnQi5eTJI4KavJeo9p2sFcuVmwzqJt4wBkgHqv4bJQ5d%2FtOsllq2audS9zy%2F%2FuXHGNdsxnu70m27vEDdyrh6bcgK0wNruY2bEag2hky6pl6jJ4XEf5UZoa6WFomVIg%3D%3D","environmentVariables":{"FIREBASE_CONFIG":"{\"projectId\":\"mandubk-370d7\",\"databaseURL\":\"https://mandubk-370d7-default-rtdb.asia-southeast1.firebasedatabase.app\",\"storageBucket\":\"mandubk-370d7.appspot.com\",\"locationId\":\"australia-southeast1\"}","GCLOUD_PROJECT":"mandubk-370d7"},"runtime":"nodejs16","ingressSettings":"ALLOW_ALL","buildId":"c3494e65-d212-4431-92d3-9b45a9abed11","buildName":"projects/261518911024/locations/us-central1/builds/c3494e65-d212-4431-92d3-9b45a9abed11","dockerRegistry":"ARTIFACT_REGISTRY"},"versionId":"13","updateTime":"2023-02-26T15:57:07Z","buildId":"3c77e51b-1a8b-43ca-9200-52894e985adb","sourceToken":"0aaf046f-a7da-4a1b-9d16-91b83a59328b","buildName":"projects/261518911024/locations/us-central1/builds/3c77e51b-1a8b-43ca-9200-52894e985adb"}}
[debug] [2023-02-26T15:58:21.424Z] Got source token 0aaf046f-a7da-4a1b-9d16-91b83a59328b for region us-central1
[debug] [2023-02-26T15:58:31.438Z] [update-default-us-central1-helloWorld] Retrying task index 0
[debug] [2023-02-26T15:58:31.439Z] >>> [apiv2][query] GET https://cloudfunctions.googleapis.com/v1/operations/bWFuZHViay0zNzBkNy91cy1jZW50cmFsMS9oZWxsb1dvcmxkL3FTMkdzYTNpTVpZ [none]
[debug] [2023-02-26T15:58:32.090Z] <<< [apiv2][status] GET https://cloudfunctions.googleapis.com/v1/operations/bWFuZHViay0zNzBkNy91cy1jZW50cmFsMS9oZWxsb1dvcmxkL3FTMkdzYTNpTVpZ 200
[debug] [2023-02-26T15:58:32.090Z] <<< [apiv2][body] GET https://cloudfunctions.googleapis.com/v1/operations/bWFuZHViay0zNzBkNy91cy1jZW50cmFsMS9oZWxsb1dvcmxkL3FTMkdzYTNpTVpZ {"name":"operations/bWFuZHViay0zNzBkNy91cy1jZW50cmFsMS9oZWxsb1dvcmxkL3FTMkdzYTNpTVpZ","metadata":{"@type":"type.googleapis.com/google.cloud.functions.v1.OperationMetadataV1","target":"projects/mandubk-370d7/locations/us-central1/functions/helloWorld","type":"UPDATE_FUNCTION","request":{"@type":"type.googleapis.com/google.cloud.functions.v1.CloudFunction","name":"projects/mandubk-370d7/locations/us-central1/functions/helloWorld","httpsTrigger":{"url":"https://us-central1-mandubk-370d7.cloudfunctions.net/helloWorld","securityLevel":"SECURE_ALWAYS"},"status":"ACTIVE","entryPoint":"helloWorld","timeout":"60s","availableMemoryMb":256,"serviceAccountEmail":"mandubk-370d7@appspot.gserviceaccount.com","updateTime":"2022-09-03T18:58:49.777Z","versionId":"12","labels":{"deployment-tool":"cli-firebase"},"sourceUploadUrl":"https://storage.googleapis.com/uploads-437038307952.us-central1.cloudfunctions.appspot.com/50451662-3de4-42e3-994c-fe53b782503c.zip?GoogleAccessId=service-261518911024@gcf-admin-robot.iam.gserviceaccount.com&Expires=1677428788&Signature=nFx%2BHHDV30pywiIDQ2oVniY8GYgVt1NJBrc22laU58JElMWi%2BbdMP0Tbt3toJ4wnKp9t11URcReDK%2FlgCRWLiwtWIdtP7eJZRngmMOWr0U47xsn2gF%2BYmG2Jaw65n%2BjJC85qrE0E2Nzgn6Wn40O%2FxA%2FMIhteL4qDpfE4xYvXMZTrkTbBIWZgMTn9wuisk%2Ft6eToV7l8EvohTZrhcugJWCf5MpnQi5eTJI4KavJeo9p2sFcuVmwzqJt4wBkgHqv4bJQ5d%2FtOsllq2audS9zy%2F%2FuXHGNdsxnu70m27vEDdyrh6bcgK0wNruY2bEag2hky6pl6jJ4XEf5UZoa6WFomVIg%3D%3D","environmentVariables":{"FIREBASE_CONFIG":"{\"projectId\":\"mandubk-370d7\",\"databaseURL\":\"https://mandubk-370d7-default-rtdb.asia-southeast1.firebasedatabase.app\",\"storageBucket\":\"mandubk-370d7.appspot.com\",\"locationId\":\"australia-southeast1\"}","GCLOUD_PROJECT":"mandubk-370d7"},"runtime":"nodejs16","ingressSettings":"ALLOW_ALL","buildId":"c3494e65-d212-4431-92d3-9b45a9abed11","buildName":"projects/261518911024/locations/us-central1/builds/c3494e65-d212-4431-92d3-9b45a9abed11","dockerRegistry":"ARTIFACT_REGISTRY"},"versionId":"13","updateTime":"2023-02-26T15:57:07Z","buildId":"3c77e51b-1a8b-43ca-9200-52894e985adb","sourceToken":"0aaf046f-a7da-4a1b-9d16-91b83a59328b","buildName":"projects/261518911024/locations/us-central1/builds/3c77e51b-1a8b-43ca-9200-52894e985adb"}}
[debug] [2023-02-26T15:58:32.091Z] Got source token 0aaf046f-a7da-4a1b-9d16-91b83a59328b for region us-central1
[debug] [2023-02-26T15:58:42.109Z] [update-default-us-central1-helloWorld] Retrying task index 0
[debug] [2023-02-26T15:58:42.110Z] >>> [apiv2][query] GET https://cloudfunctions.googleapis.com/v1/operations/bWFuZHViay0zNzBkNy91cy1jZW50cmFsMS9oZWxsb1dvcmxkL3FTMkdzYTNpTVpZ [none]
[debug] [2023-02-26T15:58:42.878Z] <<< [apiv2][status] GET https://cloudfunctions.googleapis.com/v1/operations/bWFuZHViay0zNzBkNy91cy1jZW50cmFsMS9oZWxsb1dvcmxkL3FTMkdzYTNpTVpZ 200
[debug] [2023-02-26T15:58:42.879Z] <<< [apiv2][body] GET https://cloudfunctions.googleapis.com/v1/operations/bWFuZHViay0zNzBkNy91cy1jZW50cmFsMS9oZWxsb1dvcmxkL3FTMkdzYTNpTVpZ {"name":"operations/bWFuZHViay0zNzBkNy91cy1jZW50cmFsMS9oZWxsb1dvcmxkL3FTMkdzYTNpTVpZ","metadata":{"@type":"type.googleapis.com/google.cloud.functions.v1.OperationMetadataV1","target":"projects/mandubk-370d7/locations/us-central1/functions/helloWorld","type":"UPDATE_FUNCTION","request":{"@type":"type.googleapis.com/google.cloud.functions.v1.CloudFunction","name":"projects/mandubk-370d7/locations/us-central1/functions/helloWorld","httpsTrigger":{"url":"https://us-central1-mandubk-370d7.cloudfunctions.net/helloWorld","securityLevel":"SECURE_ALWAYS"},"status":"ACTIVE","entryPoint":"helloWorld","timeout":"60s","availableMemoryMb":256,"serviceAccountEmail":"mandubk-370d7@appspot.gserviceaccount.com","updateTime":"2022-09-03T18:58:49.777Z","versionId":"12","labels":{"deployment-tool":"cli-firebase"},"sourceUploadUrl":"https://storage.googleapis.com/uploads-437038307952.us-central1.cloudfunctions.appspot.com/50451662-3de4-42e3-994c-fe53b782503c.zip?GoogleAccessId=service-261518911024@gcf-admin-robot.iam.gserviceaccount.com&Expires=1677428788&Signature=nFx%2BHHDV30pywiIDQ2oVniY8GYgVt1NJBrc22laU58JElMWi%2BbdMP0Tbt3toJ4wnKp9t11URcReDK%2FlgCRWLiwtWIdtP7eJZRngmMOWr0U47xsn2gF%2BYmG2Jaw65n%2BjJC85qrE0E2Nzgn6Wn40O%2FxA%2FMIhteL4qDpfE4xYvXMZTrkTbBIWZgMTn9wuisk%2Ft6eToV7l8EvohTZrhcugJWCf5MpnQi5eTJI4KavJeo9p2sFcuVmwzqJt4wBkgHqv4bJQ5d%2FtOsllq2audS9zy%2F%2FuXHGNdsxnu70m27vEDdyrh6bcgK0wNruY2bEag2hky6pl6jJ4XEf5UZoa6WFomVIg%3D%3D","environmentVariables":{"FIREBASE_CONFIG":"{\"projectId\":\"mandubk-370d7\",\"databaseURL\":\"https://mandubk-370d7-default-rtdb.asia-southeast1.firebasedatabase.app\",\"storageBucket\":\"mandubk-370d7.appspot.com\",\"locationId\":\"australia-southeast1\"}","GCLOUD_PROJECT":"mandubk-370d7"},"runtime":"nodejs16","ingressSettings":"ALLOW_ALL","buildId":"c3494e65-d212-4431-92d3-9b45a9abed11","buildName":"projects/261518911024/locations/us-central1/builds/c3494e65-d212-4431-92d3-9b45a9abed11","dockerRegistry":"ARTIFACT_REGISTRY"},"versionId":"13","updateTime":"2023-02-26T15:57:07Z","buildId":"3c77e51b-1a8b-43ca-9200-52894e985adb","sourceToken":"0aaf046f-a7da-4a1b-9d16-91b83a59328b","buildName":"projects/261518911024/locations/us-central1/builds/3c77e51b-1a8b-43ca-9200-52894e985adb"}}
[debug] [2023-02-26T15:58:42.879Z] Got source token 0aaf046f-a7da-4a1b-9d16-91b83a59328b for region us-central1
[debug] [2023-02-26T15:58:52.889Z] [update-default-us-central1-helloWorld] Retrying task index 0
[debug] [2023-02-26T15:58:52.890Z] >>> [apiv2][query] GET https://cloudfunctions.googleapis.com/v1/operations/bWFuZHViay0zNzBkNy91cy1jZW50cmFsMS9oZWxsb1dvcmxkL3FTMkdzYTNpTVpZ [none]
[debug] [2023-02-26T15:59:23.921Z] [update-default-us-central1-helloWorld] Retrying task index 0
[debug] [2023-02-26T15:59:23.921Z] >>> [apiv2][query] GET https://cloudfunctions.googleapis.com/v1/operations/bWFuZHViay0zNzBkNy91cy1jZW50cmFsMS9oZWxsb1dvcmxkL3FTMkdzYTNpTVpZ [none]
[debug] [2023-02-26T15:59:33.939Z] [update-default-us-central1-helloWorld] Retrying task index 0
[debug] [2023-02-26T15:59:33.940Z] >>> [apiv2][query] GET https://cloudfunctions.googleapis.com/v1/operations/bWFuZHViay0zNzBkNy91cy1jZW50cmFsMS9oZWxsb1dvcmxkL3FTMkdzYTNpTVpZ [none]
[debug] [2023-02-26T15:59:43.945Z] [update-default-us-central1-helloWorld] Retrying task index 0
[debug] [2023-02-26T15:59:43.947Z] >>> [apiv2][query] GET https://cloudfunctions.googleapis.com/v1/operations/bWFuZHViay0zNzBkNy91cy1jZW50cmFsMS9oZWxsb1dvcmxkL3FTMkdzYTNpTVpZ [none]
[debug] [2023-02-26T15:59:53.967Z] [update-default-us-central1-helloWorld] Retrying task index 0
[debug] [2023-02-26T15:59:53.969Z] >>> [apiv2][query] GET https://cloudfunctions.googleapis.com/v1/operations/bWFuZHViay0zNzBkNy91cy1jZW50cmFsMS9oZWxsb1dvcmxkL3FTMkdzYTNpTVpZ [none]
[debug] [2023-02-26T16:00:03.982Z] [update-default-us-central1-helloWorld] Retrying task index 0
[debug] [2023-02-26T16:00:03.984Z] >>> [apiv2][query] GET https://cloudfunctions.googleapis.com/v1/operations/bWFuZHViay0zNzBkNy91cy1jZW50cmFsMS9oZWxsb1dvcmxkL3FTMkdzYTNpTVpZ [none]
[debug] [2023-02-26T16:00:13.992Z] [update-default-us-central1-helloWorld] Retrying task index 0
[debug] [2023-02-26T16:00:13.993Z] >>> [apiv2][query] GET https://cloudfunctions.googleapis.com/v1/operations/bWFuZHViay0zNzBkNy91cy1jZW50cmFsMS9oZWxsb1dvcmxkL3FTMkdzYTNpTVpZ [none]
[debug] [2023-02-26T16:00:23.998Z] [update-default-us-central1-helloWorld] Retrying task index 0
[debug] [2023-02-26T16:00:23.999Z] >>> [apiv2][query] GET https://cloudfunctions.googleapis.com/v1/operations/bWFuZHViay0zNzBkNy91cy1jZW50cmFsMS9oZWxsb1dvcmxkL3FTMkdzYTNpTVpZ [none]
[debug] [2023-02-26T16:00:34.016Z] [update-default-us-central1-helloWorld] Retrying task index 0
[debug] [2023-02-26T16:00:34.017Z] >>> [apiv2][query] GET https://cloudfunctions.googleapis.com/v1/operations/bWFuZHViay0zNzBkNy91cy1jZW50cmFsMS9oZWxsb1dvcmxkL3FTMkdzYTNpTVpZ [none]
[debug] [2023-02-26T16:00:44.031Z] [update-default-us-central1-helloWorld] Retrying task index 0
[debug] [2023-02-26T16:00:44.032Z] >>> [apiv2][query] GET https://cloudfunctions.googleapis.com/v1/operations/bWFuZHViay0zNzBkNy91cy1jZW50cmFsMS9oZWxsb1dvcmxkL3FTMkdzYTNpTVpZ [none]
[debug] [2023-02-26T16:00:54.040Z] [update-default-us-central1-helloWorld] Retrying task index 0
[debug] [2023-02-26T16:00:54.043Z] >>> [apiv2][query] GET https://cloudfunctions.googleapis.com/v1/operations/bWFuZHViay0zNzBkNy91cy1jZW50cmFsMS9oZWxsb1dvcmxkL3FTMkdzYTNpTVpZ [none]
[debug] [2023-02-26T16:01:04.061Z] [update-default-us-central1-helloWorld] Retrying task index 0
[debug] [2023-02-26T16:01:04.062Z] >>> [apiv2][query] GET https://cloudfunctions.googleapis.com/v1/operations/bWFuZHViay0zNzBkNy91cy1jZW50cmFsMS9oZWxsb1dvcmxkL3FTMkdzYTNpTVpZ [none]
[debug] [2023-02-26T16:01:14.074Z] [update-default-us-central1-helloWorld] Retrying task index 0
[debug] [2023-02-26T16:01:14.074Z] >>> [apiv2][query] GET https://cloudfunctions.googleapis.com/v1/operations/bWFuZHViay0zNzBkNy91cy1jZW50cmFsMS9oZWxsb1dvcmxkL3FTMkdzYTNpTVpZ [none]
[debug] [2023-02-26T16:01:24.092Z] [update-default-us-central1-helloWorld] Retrying task index 0
[debug] [2023-02-26T16:01:24.092Z] >>> [apiv2][query] GET https://cloudfunctions.googleapis.com/v1/operations/bWFuZHViay0zNzBkNy91cy1jZW50cmFsMS9oZWxsb1dvcmxkL3FTMkdzYTNpTVpZ [none]
[debug] [2023-02-26T16:01:34.114Z] [update-default-us-central1-helloWorld] Retrying task index 0
[debug] [2023-02-26T16:01:34.115Z] >>> [apiv2][query] GET https://cloudfunctions.googleapis.com/v1/operations/bWFuZHViay0zNzBkNy91cy1jZW50cmFsMS9oZWxsb1dvcmxkL3FTMkdzYTNpTVpZ [none]
[debug] [2023-02-26T16:01:44.126Z] [update-default-us-central1-helloWorld] Retrying task index 0
[debug] [2023-02-26T16:01:44.128Z] >>> [apiv2][query] GET https://cloudfunctions.googleapis.com/v1/operations/bWFuZHViay0zNzBkNy91cy1jZW50cmFsMS9oZWxsb1dvcmxkL3FTMkdzYTNpTVpZ [none]
[debug] [2023-02-26T16:01:54.146Z] [update-default-us-central1-helloWorld] Retrying task index 0
[debug] [2023-02-26T16:01:54.148Z] >>> [apiv2][query] GET https://cloudfunctions.googleapis.com/v1/operations/bWFuZHViay0zNzBkNy91cy1jZW50cmFsMS9oZWxsb1dvcmxkL3FTMkdzYTNpTVpZ [none]
[debug] [2023-02-26T16:02:04.165Z] [update-default-us-central1-helloWorld] Retrying task index 0
[debug] [2023-02-26T16:02:04.165Z] >>> [apiv2][query] GET https://cloudfunctions.googleapis.com/v1/operations/bWFuZHViay0zNzBkNy91cy1jZW50cmFsMS9oZWxsb1dvcmxkL3FTMkdzYTNpTVpZ [none]
[debug] [2023-02-26T16:02:14.185Z] [update-default-us-central1-helloWorld] Retrying task index 0
[debug] [2023-02-26T16:02:14.187Z] >>> [apiv2][query] GET https://cloudfunctions.googleapis.com/v1/operations/bWFuZHViay0zNzBkNy91cy1jZW50cmFsMS9oZWxsb1dvcmxkL3FTMkdzYTNpTVpZ [none]
[debug] [2023-02-26T16:02:24.203Z] [update-default-us-central1-helloWorld] Retrying task index 0
[debug] [2023-02-26T16:02:24.204Z] >>> [apiv2][query] GET https://cloudfunctions.googleapis.com/v1/operations/bWFuZHViay0zNzBkNy91cy1jZW50cmFsMS9oZWxsb1dvcmxkL3FTMkdzYTNpTVpZ [none]
[debug] [2023-02-26T16:02:34.216Z] [update-default-us-central1-helloWorld] Retrying task index 0
[debug] [2023-02-26T16:02:34.217Z] >>> [apiv2][query] GET https://cloudfunctions.googleapis.com/v1/operations/bWFuZHViay0zNzBkNy91cy1jZW50cmFsMS9oZWxsb1dvcmxkL3FTMkdzYTNpTVpZ [none]
[debug] [2023-02-26T16:02:44.233Z] [update-default-us-central1-helloWorld] Retrying task index 0
[debug] [2023-02-26T16:02:44.239Z] >>> [apiv2][query] GET https://cloudfunctions.googleapis.com/v1/operations/bWFuZHViay0zNzBkNy91cy1jZW50cmFsMS9oZWxsb1dvcmxkL3FTMkdzYTNpTVpZ [none]
[debug] [2023-02-26T16:02:54.254Z] [update-default-us-central1-helloWorld] Retrying task index 0
[debug] [2023-02-26T16:02:54.254Z] >>> [apiv2][query] GET https://cloudfunctions.googleapis.com/v1/operations/bWFuZHViay0zNzBkNy91cy1jZW50cmFsMS9oZWxsb1dvcmxkL3FTMkdzYTNpTVpZ [none]
[debug] [2023-02-26T16:03:04.267Z] [update-default-us-central1-helloWorld] Retrying task index 0
[debug] [2023-02-26T16:03:04.268Z] >>> [apiv2][query] GET https://cloudfunctions.googleapis.com/v1/operations/bWFuZHViay0zNzBkNy91cy1jZW50cmFsMS9oZWxsb1dvcmxkL3FTMkdzYTNpTVpZ [none]
[debug] [2023-02-26T16:03:14.289Z] [update-default-us-central1-helloWorld] Retrying task index 0
[debug] [2023-02-26T16:03:14.290Z] >>> [apiv2][query] GET https://cloudfunctions.googleapis.com/v1/operations/bWFuZHViay0zNzBkNy91cy1jZW50cmFsMS9oZWxsb1dvcmxkL3FTMkdzYTNpTVpZ [none]
[debug] [2023-02-26T16:03:24.302Z] [update-default-us-central1-helloWorld] Retrying task index 0
[debug] [2023-02-26T16:03:24.303Z] >>> [apiv2][query] GET https://cloudfunctions.googleapis.com/v1/operations/bWFuZHViay0zNzBkNy91cy1jZW50cmFsMS9oZWxsb1dvcmxkL3FTMkdzYTNpTVpZ [none]
[debug] [2023-02-26T16:03:34.307Z] [update-default-us-central1-helloWorld] Retrying task index 0
[debug] [2023-02-26T16:03:34.308Z] >>> [apiv2][query] GET https://cloudfunctions.googleapis.com/v1/operations/bWFuZHViay0zNzBkNy91cy1jZW50cmFsMS9oZWxsb1dvcmxkL3FTMkdzYTNpTVpZ [none]
[debug] [2023-02-26T16:03:44.324Z] [update-default-us-central1-helloWorld] Retrying task index 0
[debug] [2023-02-26T16:03:44.325Z] >>> [apiv2][query] GET https://cloudfunctions.googleapis.com/v1/operations/bWFuZHViay0zNzBkNy91cy1jZW50cmFsMS9oZWxsb1dvcmxkL3FTMkdzYTNpTVpZ [none]
[debug] [2023-02-26T16:03:54.331Z] [update-default-us-central1-helloWorld] Retrying task index 0
[debug] [2023-02-26T16:03:54.332Z] >>> [apiv2][query] GET https://cloudfunctions.googleapis.com/v1/operations/bWFuZHViay0zNzBkNy91cy1jZW50cmFsMS9oZWxsb1dvcmxkL3FTMkdzYTNpTVpZ [none]
[debug] [2023-02-26T16:04:04.336Z] [update-default-us-central1-helloWorld] Retrying task index 0
[debug] [2023-02-26T16:04:04.340Z] >>> [apiv2][query] GET https://cloudfunctions.googleapis.com/v1/operations/bWFuZHViay0zNzBkNy91cy1jZW50cmFsMS9oZWxsb1dvcmxkL3FTMkdzYTNpTVpZ [none]
[debug] [2023-02-26T16:04:14.351Z] [update-default-us-central1-helloWorld] Retrying task index 0
[debug] [2023-02-26T16:04:14.352Z] >>> [apiv2][query] GET https://cloudfunctions.googleapis.com/v1/operations/bWFuZHViay0zNzBkNy91cy1jZW50cmFsMS9oZWxsb1dvcmxkL3FTMkdzYTNpTVpZ [none]
[debug] [2023-02-26T16:04:24.368Z] [update-default-us-central1-helloWorld] Retrying task index 0
[debug] [2023-02-26T16:04:24.370Z] >>> [apiv2][query] GET https://cloudfunctions.googleapis.com/v1/operations/bWFuZHViay0zNzBkNy91cy1jZW50cmFsMS9oZWxsb1dvcmxkL3FTMkdzYTNpTVpZ [none]
[debug] [2023-02-26T16:04:34.382Z] [update-default-us-central1-helloWorld] Retrying task index 0
[debug] [2023-02-26T16:04:34.383Z] >>> [apiv2][query] GET https://cloudfunctions.googleapis.com/v1/operations/bWFuZHViay0zNzBkNy91cy1jZW50cmFsMS9oZWxsb1dvcmxkL3FTMkdzYTNpTVpZ [none]
[debug] [2023-02-26T16:04:38.921Z] <<< [apiv2][status] GET https://cloudfunctions.googleapis.com/v1/operations/bWFuZHViay0zNzBkNy91cy1jZW50cmFsMS9oZWxsb1dvcmxkL3FTMkdzYTNpTVpZ 200
[debug] [2023-02-26T16:04:38.922Z] <<< [apiv2][body] GET https://cloudfunctions.googleapis.com/v1/operations/bWFuZHViay0zNzBkNy91cy1jZW50cmFsMS9oZWxsb1dvcmxkL3FTMkdzYTNpTVpZ {"name":"operations/bWFuZHViay0zNzBkNy91cy1jZW50cmFsMS9oZWxsb1dvcmxkL3FTMkdzYTNpTVpZ","metadata":{"@type":"type.googleapis.com/google.cloud.functions.v1.OperationMetadataV1","target":"projects/mandubk-370d7/locations/us-central1/functions/helloWorld","type":"UPDATE_FUNCTION","request":{"@type":"type.googleapis.com/google.cloud.functions.v1.CloudFunction","name":"projects/mandubk-370d7/locations/us-central1/functions/helloWorld","httpsTrigger":{"url":"https://us-central1-mandubk-370d7.cloudfunctions.net/helloWorld","securityLevel":"SECURE_ALWAYS"},"status":"ACTIVE","entryPoint":"helloWorld","timeout":"60s","availableMemoryMb":256,"serviceAccountEmail":"mandubk-370d7@appspot.gserviceaccount.com","updateTime":"2022-09-03T18:58:49.777Z","versionId":"12","labels":{"deployment-tool":"cli-firebase"},"sourceUploadUrl":"https://storage.googleapis.com/uploads-437038307952.us-central1.cloudfunctions.appspot.com/50451662-3de4-42e3-994c-fe53b782503c.zip?GoogleAccessId=service-261518911024@gcf-admin-robot.iam.gserviceaccount.com&Expires=1677428788&Signature=nFx%2BHHDV30pywiIDQ2oVniY8GYgVt1NJBrc22laU58JElMWi%2BbdMP0Tbt3toJ4wnKp9t11URcReDK%2FlgCRWLiwtWIdtP7eJZRngmMOWr0U47xsn2gF%2BYmG2Jaw65n%2BjJC85qrE0E2Nzgn6Wn40O%2FxA%2FMIhteL4qDpfE4xYvXMZTrkTbBIWZgMTn9wuisk%2Ft6eToV7l8EvohTZrhcugJWCf5MpnQi5eTJI4KavJeo9p2sFcuVmwzqJt4wBkgHqv4bJQ5d%2FtOsllq2audS9zy%2F%2FuXHGNdsxnu70m27vEDdyrh6bcgK0wNruY2bEag2hky6pl6jJ4XEf5UZoa6WFomVIg%3D%3D","environmentVariables":{"FIREBASE_CONFIG":"{\"projectId\":\"mandubk-370d7\",\"databaseURL\":\"https://mandubk-370d7-default-rtdb.asia-southeast1.firebasedatabase.app\",\"storageBucket\":\"mandubk-370d7.appspot.com\",\"locationId\":\"australia-southeast1\"}","GCLOUD_PROJECT":"mandubk-370d7"},"runtime":"nodejs16","ingressSettings":"ALLOW_ALL","buildId":"c3494e65-d212-4431-92d3-9b45a9abed11","buildName":"projects/261518911024/locations/us-central1/builds/c3494e65-d212-4431-92d3-9b45a9abed11","dockerRegistry":"ARTIFACT_REGISTRY"},"versionId":"13","updateTime":"2023-02-26T15:58:49Z","buildId":"3c77e51b-1a8b-43ca-9200-52894e985adb","sourceToken":"0aaf046f-a7da-4a1b-9d16-91b83a59328b","buildName":"projects/261518911024/locations/us-central1/builds/3c77e51b-1a8b-43ca-9200-52894e985adb"},"done":true,"response":{"@type":"type.googleapis.com/google.cloud.functions.v1.CloudFunction","name":"projects/mandubk-370d7/locations/us-central1/functions/helloWorld","httpsTrigger":{"url":"https://us-central1-mandubk-370d7.cloudfunctions.net/helloWorld","securityLevel":"SECURE_ALWAYS"},"status":"ACTIVE","entryPoint":"helloWorld","timeout":"60s","availableMemoryMb":256,"serviceAccountEmail":"mandubk-370d7@appspot.gserviceaccount.com","updateTime":"2023-02-26T15:58:49.483Z","versionId":"13","labels":{"deployment-tool":"cli-firebase"},"sourceUploadUrl":"https://storage.googleapis.com/uploads-437038307952.us-central1.cloudfunctions.appspot.com/50451662-3de4-42e3-994c-fe53b782503c.zip","environmentVariables":{"FIREBASE_CONFIG":"{\"projectId\":\"mandubk-370d7\",\"databaseURL\":\"https://mandubk-370d7-default-rtdb.asia-southeast1.firebasedatabase.app\",\"storageBucket\":\"mandubk-370d7.appspot.com\",\"locationId\":\"australia-southeast1\"}","GCLOUD_PROJECT":"mandubk-370d7"},"runtime":"nodejs16","ingressSettings":"ALLOW_ALL","buildId":"3c77e51b-1a8b-43ca-9200-52894e985adb","buildName":"projects/261518911024/locations/us-central1/builds/3c77e51b-1a8b-43ca-9200-52894e985adb","dockerRegistry":"ARTIFACT_REGISTRY"}}
[debug] [2023-02-26T16:04:38.922Z] Got source token 0aaf046f-a7da-4a1b-9d16-91b83a59328b for region us-central1
[info] +  functions[helloWorld(us-central1)] Successful update operation. 
[info] i  functions: deleting Node.js 16 function onDeleteUser(us-central1)... 
[info] i  functions: deleting Node.js 16 function onNewUser(us-central1)... 
[info] i  functions: deleting Node.js 16 function onOrderCreated(us-central1)... 
[info] i  functions: deleting Node.js 16 function onOrderReported(us-central1)... 
[info] i  functions: deleting Node.js 16 function onOrderRequestAccepted(us-central1)... 
[debug] [2023-02-26T16:04:38.928Z] >>> [apiv2][query] DELETE https://cloudfunctions.googleapis.com/v1/projects/mandubk-370d7/locations/us-central1/functions/onDeleteUser [none]
[debug] [2023-02-26T16:04:38.930Z] >>> [apiv2][query] DELETE https://cloudfunctions.googleapis.com/v1/projects/mandubk-370d7/locations/us-central1/functions/onNewUser [none]
[debug] [2023-02-26T16:04:38.934Z] >>> [apiv2][query] DELETE https://cloudfunctions.googleapis.com/v1/projects/mandubk-370d7/locations/us-central1/functions/onOrderCreated [none]
[debug] [2023-02-26T16:04:38.938Z] >>> [apiv2][query] DELETE https://cloudfunctions.googleapis.com/v1/projects/mandubk-370d7/locations/us-central1/functions/onOrderReported [none]
[debug] [2023-02-26T16:04:38.941Z] >>> [apiv2][query] DELETE https://cloudfunctions.googleapis.com/v1/projects/mandubk-370d7/locations/us-central1/functions/onOrderRequestAccepted [none]
[warn] !  functions: failed to delete function projects/mandubk-370d7/locations/us-central1/functions/onDeleteUser 
[error] Failed to delete function projects/mandubk-370d7/locations/us-central1/functions/onDeleteUser
[warn] !  functions: failed to delete function projects/mandubk-370d7/locations/us-central1/functions/onOrderReported 
[error] Failed to delete function projects/mandubk-370d7/locations/us-central1/functions/onOrderReported
[warn] !  functions: failed to delete function projects/mandubk-370d7/locations/us-central1/functions/onOrderRequestAccepted 
[error] Failed to delete function projects/mandubk-370d7/locations/us-central1/functions/onOrderRequestAccepted
